[2025-07-18 08:25:58] Nhận diện: Unknown
[2025-07-18 08:25:59] Nhận diện: Unknown
[2025-07-18 08:25:59] Nhận diện: Unknown
[2025-07-18 08:25:59] Nhận diện: Unknown
[2025-07-18 08:26:00] Nhận diện: Unknown
[2025-07-18 08:26:00] Nhận diện: Unknown
[2025-07-18 08:26:01] Nhận diện: Unknown
[2025-07-18 08:26:01] Nhận diện: Unknown
[2025-07-18 08:26:02] Nhận diện: Unknown
[2025-07-18 08:26:02] Nhận diện: Unknown
[2025-07-18 08:26:03] Nhận diện: Unknown
[2025-07-18 08:26:03] Nhận diện: Unknown
[2025-07-18 08:26:03] Nhận diện: Unknown
[2025-07-18 08:26:04] Nhận diện: Unknown
[2025-07-18 08:26:04] Nhận diện: Unknown
[2025-07-18 08:26:05] Nhận diện: Unknown
[2025-07-18 08:26:05] Nhận diện: Unknown
[2025-07-18 08:26:06] Nhận diện: Unknown
[2025-07-18 08:26:06] Nhận diện: Unknown
[2025-07-18 08:26:13] Nhận diện: Unknown
[2025-07-18 08:26:14] Nhận diện: Unknown
[2025-07-18 08:26:14] Nhận diện: Unknown
[2025-07-18 08:26:15] Nhận diện: Unknown
[2025-07-18 08:26:20] Nhận diện: Unknown
[2025-07-18 08:26:25] Nhận diện: Unknown
[2025-07-18 08:26:25] Nhận diện: Unknown
[2025-07-18 08:26:26] Nhận diện: Unknown
[2025-07-18 08:26:34] Nhận diện: Unknown
[2025-07-18 08:26:36] Nhận diện: Unknown
[2025-07-18 08:26:36] Nhận diện: Unknown
[2025-07-18 08:26:36] Nhận diện: Unknown
[2025-07-18 08:26:37] Nhận diện: Unknown
[2025-07-18 08:26:37] Nhận diện: Unknown
[2025-07-18 08:26:38] Nhận diện: Unknown
[2025-07-18 08:26:41] Nhận diện: Unknown
[2025-07-18 08:26:42] Nhận diện: Unknown
[2025-07-18 08:26:42] Nhận diện: Unknown
[2025-07-18 08:26:42] Nhận diện: Unknown
[2025-07-18 08:26:43] Nhận diện: Unknown
[2025-07-18 08:26:43] Nhận diện: Unknown
[2025-07-18 08:26:43] Nhận diện: Unknown
[2025-07-18 08:26:43] Nhận diện: Unknown
[2025-07-18 08:26:44] Nhận diện: Unknown
[2025-07-18 08:26:44] Nhận diện: Unknown
[2025-07-18 08:26:45] Nhận diện: Unknown
[2025-07-18 08:26:45] Nhận diện: Unknown
[2025-07-18 08:26:46] Nhận diện: Unknown
[2025-07-18 08:26:46] Nhận diện: Unknown
[2025-07-18 08:26:46] Nhận diện: Unknown
[2025-07-18 08:26:47] Nhận diện: Unknown
[2025-07-18 08:26:47] Nhận diện: Unknown
[2025-07-18 08:26:48] Nhận diện: Unknown
[2025-07-18 08:26:48] Nhận diện: Unknown
[2025-07-18 08:26:49] Nhận diện: Unknown
[2025-07-18 08:26:49] Nhận diện: Unknown
[2025-07-18 08:26:49] Nhận diện: Unknown
[2025-07-18 08:26:50] Nhận diện: Unknown
[2025-07-18 08:26:50] Nhận diện: Unknown
[2025-07-18 08:26:51] Nhận diện: Unknown
[2025-07-18 08:26:51] Nhận diện: Unknown
[2025-07-18 08:26:52] Nhận diện: Unknown
[2025-07-18 08:26:52] Nhận diện: Unknown
[2025-07-18 08:26:53] Nhận diện: Unknown
[2025-07-18 08:26:53] Nhận diện: Unknown
[2025-07-18 08:26:54] Nhận diện: Unknown
[2025-07-18 08:26:55] Nhận diện: Unknown
[2025-07-18 08:26:55] Nhận diện: Unknown
[2025-07-18 08:26:55] Nhận diện: Unknown
[2025-07-18 08:26:57] Nhận diện: Unknown
[2025-07-18 08:26:59] Nhận diện: Unknown
[2025-07-18 08:27:12] Nhận diện: Unknown
[2025-07-18 08:27:12] Nhận diện: Unknown
[2025-07-18 08:27:13] Nhận diện: Unknown
[2025-07-18 08:27:13] Nhận diện: Unknown
[2025-07-18 08:27:14] Nhận diện: Unknown
[2025-07-18 08:27:14] Nhận diện: Unknown
[2025-07-18 08:27:15] Nhận diện: Unknown
[2025-07-18 08:27:15] Nhận diện: Unknown
[2025-07-18 08:27:15] Nhận diện: Unknown
[2025-07-18 08:27:17] Nhận diện: Unknown
[2025-07-18 08:27:18] Nhận diện: Unknown
[2025-07-18 08:27:18] Nhận diện: Unknown
[2025-07-18 08:27:19] Nhận diện: Unknown
[2025-07-18 08:27:19] Nhận diện: Unknown
[2025-07-18 08:27:20] Nhận diện: Unknown
[2025-07-18 08:27:20] Nhận diện: Unknown
[2025-07-18 08:27:21] Nhận diện: Unknown
[2025-07-18 08:27:21] Nhận diện: Unknown
[2025-07-18 08:27:22] Nhận diện: Unknown
[2025-07-18 08:27:22] Nhận diện: Unknown
[2025-07-18 08:27:22] Nhận diện: Unknown
[2025-07-18 08:27:23] Nhận diện: Unknown
[2025-07-18 08:27:23] Nhận diện: Unknown
[2025-07-18 08:27:24] Nhận diện: Unknown
[2025-07-18 08:27:24] Nhận diện: Unknown
[2025-07-18 08:27:25] Nhận diện: Unknown
[2025-07-18 08:27:25] Nhận diện: Unknown
[2025-07-18 08:27:26] Nhận diện: Unknown
[2025-07-18 08:27:27] Nhận diện: Unknown
[2025-07-18 08:27:27] Nhận diện: Unknown
[2025-07-18 08:27:28] Nhận diện: Unknown
[2025-07-18 08:27:28] Nhận diện: Unknown
[2025-07-18 08:27:28] Nhận diện: Unknown
[2025-07-18 08:27:29] Nhận diện: Unknown
[2025-07-18 08:27:29] Nhận diện: Unknown
[2025-07-18 08:27:30] Nhận diện: Unknown
[2025-07-18 08:27:30] Nhận diện: Unknown
[2025-07-18 08:27:31] Nhận diện: Unknown
[2025-07-18 08:27:31] Nhận diện: Unknown
[2025-07-18 08:27:31] Nhận diện: Unknown
[2025-07-18 08:27:32] Nhận diện: Unknown
[2025-07-18 08:27:32] Nhận diện: Unknown
[2025-07-18 08:27:33] Nhận diện: Unknown
[2025-07-18 08:27:33] Nhận diện: Unknown
[2025-07-18 08:27:34] Nhận diện: Unknown
[2025-07-18 08:27:34] Nhận diện: Unknown
[2025-07-18 08:27:35] Nhận diện: Unknown
[2025-07-18 08:27:35] Nhận diện: Unknown
[2025-07-18 08:27:35] Nhận diện: Unknown
[2025-07-18 08:27:36] Nhận diện: Unknown
[2025-07-18 08:27:36] Nhận diện: Unknown
[2025-07-18 08:27:37] Nhận diện: Unknown
[2025-07-18 08:27:37] Nhận diện: Unknown
[2025-07-18 08:27:38] Nhận diện: Unknown
[2025-07-18 08:27:38] Nhận diện: Unknown
[2025-07-18 08:27:39] Nhận diện: Unknown
[2025-07-18 08:27:39] Nhận diện: Unknown
[2025-07-18 08:27:40] Nhận diện: Unknown
[2025-07-18 08:27:40] Nhận diện: Unknown
[2025-07-18 08:27:41] Nhận diện: Unknown
[2025-07-18 08:27:41] Nhận diện: Unknown
[2025-07-18 08:27:41] Nhận diện: Unknown
[2025-07-18 08:27:42] Nhận diện: Unknown
[2025-07-18 08:27:42] Nhận diện: Unknown
[2025-07-18 08:27:43] Nhận diện: Unknown
[2025-07-18 08:27:44] Nhận diện: Unknown
[2025-07-18 08:27:44] Nhận diện: Unknown
[2025-07-18 08:27:45] Nhận diện: Unknown
[2025-07-18 08:27:45] Nhận diện: Unknown
[2025-07-18 08:27:46] Nhận diện: Unknown
[2025-07-18 08:27:46] Nhận diện: Unknown
[2025-07-18 08:27:47] Nhận diện: Unknown
[2025-07-18 08:27:47] Nhận diện: Unknown
[2025-07-18 08:28:01] Nhận diện: Unknown
[2025-07-18 08:28:02] Nhận diện: Unknown
[2025-07-18 08:28:03] Nhận diện: Unknown
[2025-07-18 08:28:04] Nhận diện: Unknown
[2025-07-18 08:28:04] Nhận diện: Unknown
[2025-07-18 08:28:16] Nhận diện: Unknown
[2025-07-18 08:28:17] Nhận diện: Unknown
[2025-07-18 08:28:17] Nhận diện: Unknown
[2025-07-18 08:28:18] Nhận diện: Unknown
[2025-07-18 08:28:38] Nhận diện: Unknown
[2025-07-18 08:28:42] Nhận diện: Unknown
[2025-07-18 08:28:43] Nhận diện: Unknown
[2025-07-18 08:29:14] Nhận diện: Unknown
[2025-07-18 08:29:15] Nhận diện: Unknown
[2025-07-18 08:29:15] Nhận diện: Unknown
[2025-07-18 08:29:16] Nhận diện: Unknown
[2025-07-18 08:29:16] Nhận diện: Unknown
[2025-07-18 08:29:42] Nhận diện: Unknown
[2025-07-18 08:29:43] Nhận diện: Unknown
[2025-07-18 08:29:43] Nhận diện: Unknown
[2025-07-18 08:29:46] Nhận diện: Unknown
[2025-07-18 08:29:47] Nhận diện: Unknown
[2025-07-18 08:29:47] Nhận diện: Unknown
[2025-07-18 08:29:48] Nhận diện: Unknown
[2025-07-18 08:30:05] Nhận diện: Unknown
[2025-07-18 08:30:05] Nhận diện: Unknown
[2025-07-18 08:30:05] Nhận diện: Unknown
[2025-07-18 08:30:05] Nhận diện: Unknown
[2025-07-18 08:30:06] Nhận diện: Unknown
[2025-07-18 08:30:06] Nhận diện: Unknown
[2025-07-18 08:30:06] Nhận diện: Unknown
[2025-07-18 08:30:06] Nhận diện: Unknown
[2025-07-18 08:30:07] Nhận diện: Unknown
[2025-07-18 08:30:07] Nhận diện: Unknown
[2025-07-18 08:30:29] Nhận diện: Unknown
[2025-07-18 08:30:30] Nhận diện: Unknown
[2025-07-18 08:30:30] Nhận diện: Unknown
[2025-07-18 08:30:31] Nhận diện: Unknown
[2025-07-18 08:30:31] Nhận diện: Unknown
[2025-07-18 08:30:34] Nhận diện: Unknown
[2025-07-18 08:30:34] Nhận diện: Unknown
[2025-07-18 08:30:35] Nhận diện: Unknown
[2025-07-18 08:30:35] Nhận diện: Unknown
[2025-07-18 08:30:35] Nhận diện: Unknown
[2025-07-18 08:30:36] Nhận diện: Unknown
[2025-07-18 08:30:36] Nhận diện: Unknown
[2025-07-18 08:30:36] Nhận diện: Unknown
[2025-07-18 08:30:37] Nhận diện: Unknown
[2025-07-18 08:30:37] Nhận diện: Unknown
[2025-07-18 08:30:37] Nhận diện: Unknown
[2025-07-18 08:30:37] Nhận diện: Unknown
[2025-07-18 08:30:38] Nhận diện: Unknown
[2025-07-18 08:30:38] Nhận diện: Unknown
[2025-07-18 08:33:03] Nhận diện: Unknown
[2025-07-18 08:33:03] Nhận diện: vinth
[2025-07-18 08:33:04] Nhận diện: vinth
[2025-07-18 08:33:04] Nhận diện: vinth
[2025-07-18 08:33:05] Nhận diện: vinth
[2025-07-18 08:33:05] Nhận diện: vinth
[2025-07-18 08:33:05] Nhận diện: vinth
[2025-07-18 08:33:06] Nhận diện: vinth
[2025-07-18 08:33:06] Nhận diện: vinth
[2025-07-18 08:33:07] Nhận diện: vinth
[2025-07-18 08:33:07] Nhận diện: vinth
[2025-07-18 08:33:08] Nhận diện: vinth
[2025-07-18 08:33:08] Nhận diện: vinth
[2025-07-18 08:33:08] Nhận diện: vinth
[2025-07-18 08:33:09] Nhận diện: vinth
[2025-07-18 08:33:09] Nhận diện: vinth
[2025-07-18 08:33:10] Nhận diện: vinth
[2025-07-18 08:33:10] Nhận diện: vinth
[2025-07-18 08:33:11] Nhận diện: vinth
[2025-07-18 08:33:11] Nhận diện: vinth
[2025-07-18 08:33:12] Nhận diện: vinth
[2025-07-18 08:33:12] Nhận diện: vinth
[2025-07-18 08:33:12] Nhận diện: vinth
[2025-07-18 08:33:13] Nhận diện: vinth
[2025-07-18 08:33:13] Nhận diện: vinth
[2025-07-18 08:33:14] Nhận diện: vinth
[2025-07-18 08:33:14] Nhận diện: vinth
[2025-07-18 08:33:15] Nhận diện: vinth
[2025-07-18 08:33:15] Nhận diện: vinth
[2025-07-18 08:33:15] Nhận diện: vinth
[2025-07-18 08:33:16] Nhận diện: vinth
[2025-07-18 08:33:16] Nhận diện: vinth
[2025-07-18 08:33:17] Nhận diện: vinth
[2025-07-18 08:33:17] Nhận diện: vinth
[2025-07-18 08:33:18] Nhận diện: vinth
[2025-07-18 08:33:18] Nhận diện: vinth
[2025-07-18 08:33:19] Nhận diện: vinth
[2025-07-18 08:33:19] Nhận diện: vinth
[2025-07-18 08:33:19] Nhận diện: vinth
[2025-07-18 08:33:20] Nhận diện: vinth
[2025-07-18 08:33:20] Nhận diện: vinth
[2025-07-18 08:33:21] Nhận diện: vinth
[2025-07-18 08:33:21] Nhận diện: vinth
[2025-07-18 08:33:22] Nhận diện: vinth
[2025-07-18 08:33:22] Nhận diện: vinth
[2025-07-18 08:33:22] Nhận diện: vinth
[2025-07-18 08:33:23] Nhận diện: vinth
[2025-07-18 08:33:23] Nhận diện: vinth
[2025-07-18 08:33:24] Nhận diện: vinth
[2025-07-18 08:33:24] Nhận diện: vinth
[2025-07-18 08:33:25] Nhận diện: vinth
[2025-07-18 08:33:25] Nhận diện: vinth
[2025-07-18 08:33:28] Nhận diện: vinth
[2025-07-18 08:33:28] Nhận diện: vinth
[2025-07-18 08:33:29] Nhận diện: vinth
[2025-07-18 08:33:29] Nhận diện: vinth
[2025-07-18 08:33:30] Nhận diện: vinth
[2025-07-18 08:33:30] Nhận diện: vinth
[2025-07-18 08:33:31] Nhận diện: vinth
[2025-07-18 08:33:31] Nhận diện: vinth
[2025-07-18 08:33:31] Nhận diện: vinth
[2025-07-18 08:33:32] Nhận diện: vinth
[2025-07-18 08:33:32] Nhận diện: vinth
[2025-07-18 08:33:33] Nhận diện: vinth
[2025-07-18 08:33:33] Nhận diện: vinth
[2025-07-18 08:33:34] Nhận diện: vinth
[2025-07-18 08:33:34] Nhận diện: vinth
[2025-07-18 08:33:35] Nhận diện: vinth
[2025-07-18 08:33:35] Nhận diện: vinth
[2025-07-18 08:33:35] Nhận diện: vinth
[2025-07-18 08:33:36] Nhận diện: vinth
[2025-07-18 08:33:39] Nhận diện: Unknown
[2025-07-18 08:33:40] Nhận diện: Unknown
[2025-07-18 08:33:40] Nhận diện: vinth
[2025-07-18 08:33:41] Nhận diện: vinth
[2025-07-18 08:33:41] Nhận diện: vinth
[2025-07-18 08:33:42] Nhận diện: vinth
[2025-07-18 08:33:42] Nhận diện: vinth
[2025-07-18 08:33:43] Nhận diện: vinth
[2025-07-18 08:33:44] Nhận diện: vinth
[2025-07-18 08:33:45] Nhận diện: vinth
[2025-07-18 08:33:46] Nhận diện: vinth
[2025-07-18 08:33:47] Nhận diện: vinth
[2025-07-18 08:33:48] Nhận diện: vinth
[2025-07-18 08:33:49] Nhận diện: vinth
[2025-07-18 08:33:49] Nhận diện: vinth
[2025-07-18 08:33:50] Nhận diện: vinth
[2025-07-18 08:33:50] Nhận diện: vinth
[2025-07-18 08:33:51] Nhận diện: vinth
[2025-07-18 08:33:51] Nhận diện: Unknown
[2025-07-18 08:33:52] Nhận diện: vinth
[2025-07-18 08:33:53] Nhận diện: vinth
[2025-07-18 08:33:53] Nhận diện: vinth
[2025-07-18 08:33:54] Nhận diện: vinth
[2025-07-18 08:33:54] Nhận diện: vinth
[2025-07-18 08:33:54] Nhận diện: vinth
[2025-07-18 08:33:55] Nhận diện: vinth
[2025-07-18 08:33:55] Nhận diện: vinth
[2025-07-18 08:33:56] Nhận diện: vinth
[2025-07-18 08:33:56] Nhận diện: vinth
[2025-07-18 08:33:57] Nhận diện: vinth
[2025-07-18 08:33:57] Nhận diện: vinth
[2025-07-18 08:33:57] Nhận diện: vinth
[2025-07-18 08:33:58] Nhận diện: vinth
[2025-07-18 08:33:58] Nhận diện: vinth
[2025-07-18 08:33:59] Nhận diện: vinth
[2025-07-18 08:33:59] Nhận diện: vinth
[2025-07-18 08:34:00] Nhận diện: vinth
[2025-07-18 08:34:00] Nhận diện: vinth
[2025-07-18 08:34:01] Nhận diện: Unknown
[2025-07-18 08:34:01] Nhận diện: vinth
[2025-07-18 08:34:01] Nhận diện: vinth
[2025-07-18 08:34:02] Nhận diện: vinth
[2025-07-18 08:34:02] Nhận diện: vinth
[2025-07-18 08:34:03] Nhận diện: vinth
[2025-07-18 08:34:03] Nhận diện: vinth
[2025-07-18 08:34:04] Nhận diện: vinth
[2025-07-18 08:34:04] Nhận diện: vinth
[2025-07-18 08:34:04] Nhận diện: vinth
[2025-07-18 08:34:05] Nhận diện: vinth
[2025-07-18 08:34:05] Nhận diện: vinth
[2025-07-18 08:34:06] Nhận diện: vinth
[2025-07-18 08:34:06] Nhận diện: vinth
[2025-07-18 08:34:07] Nhận diện: vinth
[2025-07-18 08:34:07] Nhận diện: vinth
[2025-07-18 08:34:07] Nhận diện: Unknown
[2025-07-18 08:34:08] Nhận diện: Unknown
[2025-07-18 08:34:08] Nhận diện: Unknown
[2025-07-18 08:34:09] Nhận diện: Unknown
[2025-07-18 08:34:09] Nhận diện: vinth
[2025-07-18 08:34:09] Nhận diện: Unknown
[2025-07-18 08:34:09] Nhận diện: vinth
[2025-07-18 08:34:10] Nhận diện: Unknown
[2025-07-18 08:34:10] Nhận diện: vinth
[2025-07-18 08:34:10] Nhận diện: Unknown
[2025-07-18 08:34:11] Nhận diện: Unknown
[2025-07-18 08:34:11] Nhận diện: Unknown
[2025-07-18 08:34:11] Nhận diện: vinth
[2025-07-18 08:34:12] Nhận diện: Unknown
[2025-07-18 08:34:12] Nhận diện: vinth
[2025-07-18 08:34:12] Nhận diện: Unknown
[2025-07-18 08:34:13] Nhận diện: Unknown
[2025-07-18 08:34:13] Nhận diện: Unknown
[2025-07-18 08:34:14] Nhận diện: Unknown
[2025-07-18 08:34:14] Nhận diện: Unknown
[2025-07-18 08:34:14] Nhận diện: Unknown
[2025-07-18 08:34:15] Nhận diện: Unknown
[2025-07-18 08:34:15] Nhận diện: vinth
[2025-07-18 08:34:15] Nhận diện: vinth
[2025-07-18 08:34:16] Nhận diện: vinth
[2025-07-18 08:34:16] Nhận diện: vinth
[2025-07-18 08:34:17] Nhận diện: vinth
[2025-07-18 08:34:25] Nhận diện: vinth
[2025-07-18 08:34:27] Nhận diện: vinth
[2025-07-18 08:34:28] Nhận diện: vinth
[2025-07-18 08:34:28] Nhận diện: vinth
[2025-07-18 08:34:29] Nhận diện: vinth
[2025-07-18 08:34:29] Nhận diện: vinth
[2025-07-18 08:34:30] Nhận diện: vinth
[2025-07-18 08:34:30] Nhận diện: vinth
[2025-07-18 08:34:30] Nhận diện: vinth
[2025-07-18 08:34:40] Nhận diện: vinth
[2025-07-18 08:34:41] Nhận diện: vinth
[2025-07-18 08:34:41] Nhận diện: vinth
[2025-07-18 08:34:42] Nhận diện: vinth
[2025-07-18 08:34:43] Nhận diện: vinth
[2025-07-18 08:34:43] Nhận diện: vinth
[2025-07-18 08:34:44] Nhận diện: vinth
[2025-07-18 08:34:44] Nhận diện: vinth
[2025-07-18 08:34:45] Nhận diện: vinth
[2025-07-18 08:34:48] Nhận diện: Unknown
[2025-07-18 08:34:49] Nhận diện: Unknown
[2025-07-18 08:34:49] Nhận diện: Unknown
[2025-07-18 08:34:50] Nhận diện: Unknown
[2025-07-18 08:34:59] Nhận diện: vinth
[2025-07-18 08:35:18] Nhận diện: Unknown
[2025-07-18 08:35:18] Nhận diện: vinth
[2025-07-18 08:35:19] Nhận diện: vinth
[2025-07-18 08:35:19] Nhận diện: vinth
[2025-07-18 08:35:20] Nhận diện: vinth
[2025-07-18 08:35:20] Nhận diện: vinth
[2025-07-18 08:35:21] Nhận diện: vinth
[2025-07-18 08:35:21] Nhận diện: Unknown
[2025-07-18 08:35:22] Nhận diện: Unknown
[2025-07-18 08:35:22] Nhận diện: Unknown
[2025-07-18 08:35:23] Nhận diện: Unknown
[2025-07-18 08:35:56] Nhận diện: vinth
[2025-07-18 08:35:57] Nhận diện: Unknown
[2025-07-18 08:36:00] Nhận diện: Unknown
[2025-07-18 08:36:01] Nhận diện: Unknown
[2025-07-18 08:36:08] Nhận diện: Unknown
[2025-07-18 08:36:08] Nhận diện: Unknown
[2025-07-18 08:36:08] Nhận diện: Unknown
[2025-07-18 08:36:09] Nhận diện: vinth
[2025-07-18 08:36:09] Nhận diện: vinth
[2025-07-18 08:36:09] Nhận diện: Unknown
[2025-07-18 08:36:09] Nhận diện: vinth
[2025-07-18 08:36:10] Nhận diện: vinth
[2025-07-18 08:36:10] Nhận diện: vinth
[2025-07-18 08:36:10] Nhận diện: vinth
[2025-07-18 08:36:10] Nhận diện: vinth
[2025-07-18 08:36:11] Nhận diện: vinth
[2025-07-18 08:36:11] Nhận diện: vinth
[2025-07-18 08:36:11] Nhận diện: vinth
[2025-07-18 08:36:11] Nhận diện: vinth
[2025-07-18 08:36:12] Nhận diện: vinth
[2025-07-18 08:36:14] Nhận diện: Unknown
[2025-07-18 08:36:15] Nhận diện: vinth
[2025-07-18 08:36:16] Nhận diện: Unknown
[2025-07-18 08:36:18] Nhận diện: vinth
[2025-07-18 08:36:24] Nhận diện: Unknown
[2025-07-18 08:36:36] Nhận diện: Unknown
[2025-07-18 08:36:37] Nhận diện: Unknown
[2025-07-18 08:36:38] Nhận diện: Unknown
[2025-07-18 08:36:39] Nhận diện: Unknown
[2025-07-18 08:36:39] Nhận diện: Unknown
[2025-07-18 08:36:44] Nhận diện: Unknown
[2025-07-18 08:36:44] Nhận diện: Unknown
[2025-07-18 08:39:24] Nhận diện: Unknown
[2025-07-18 08:39:55] Nhận diện: Unknown
[2025-07-18 08:39:55] Nhận diện: Unknown
[2025-07-18 08:41:54] Nhận diện: Unknown
[2025-07-18 08:41:55] Nhận diện: Unknown
[2025-07-18 08:42:35] Nhận diện: vinth
[2025-07-18 08:42:36] Nhận diện: Unknown
[2025-07-18 08:42:40] Nhận diện: Unknown
[2025-07-18 08:42:41] Nhận diện: Unknown
[2025-07-18 08:42:41] Nhận diện: Unknown
[2025-07-18 08:42:42] Nhận diện: Unknown
[2025-07-18 08:43:35] Nhận diện: Unknown
[2025-07-18 08:44:45] Nhận diện: Unknown
[2025-07-18 08:44:46] Nhận diện: Unknown
[2025-07-18 08:44:46] Nhận diện: Unknown
[2025-07-18 08:45:01] Nhận diện: Unknown
[2025-07-18 08:45:02] Nhận diện: Unknown
[2025-07-18 08:45:02] Nhận diện: Unknown
[2025-07-18 08:45:12] Nhận diện: Unknown
[2025-07-18 08:45:27] Nhận diện: Unknown
[2025-07-18 08:45:27] Nhận diện: Unknown
[2025-07-18 08:45:28] Nhận diện: Unknown
[2025-07-18 08:45:29] Nhận diện: Unknown
[2025-07-18 08:46:02] Nhận diện: Unknown
[2025-07-18 08:46:02] Nhận diện: Unknown
[2025-07-18 08:46:02] Nhận diện: vinth
[2025-07-18 08:46:03] Nhận diện: vinth
[2025-07-18 08:46:03] Nhận diện: vinth
[2025-07-18 08:46:04] Nhận diện: vinth
[2025-07-18 08:46:04] Nhận diện: vinth
[2025-07-18 08:46:05] Nhận diện: vinth
[2025-07-18 08:46:05] Nhận diện: vinth
[2025-07-18 08:46:09] Nhận diện: vinth
[2025-07-18 08:46:09] Nhận diện: vinth
[2025-07-18 08:46:10] Nhận diện: vinth
[2025-07-18 08:46:10] Nhận diện: vinth
[2025-07-18 08:46:10] Nhận diện: Unknown
[2025-07-18 08:46:11] Nhận diện: Unknown
[2025-07-18 08:46:11] Nhận diện: vinth
[2025-07-18 08:46:12] Nhận diện: vinth
[2025-07-18 08:46:12] Nhận diện: vinth
[2025-07-18 08:46:13] Nhận diện: Unknown
[2025-07-18 08:46:13] Nhận diện: vinth
[2025-07-18 08:46:14] Nhận diện: vinth
[2025-07-18 08:46:14] Nhận diện: vinth
[2025-07-18 08:46:15] Nhận diện: vinth
[2025-07-18 08:46:15] Nhận diện: vinth
[2025-07-18 08:46:15] Nhận diện: vinth
[2025-07-18 08:46:16] Nhận diện: vinth
[2025-07-18 08:46:16] Nhận diện: Unknown
[2025-07-18 08:46:17] Nhận diện: Unknown
[2025-07-18 08:46:17] Nhận diện: Unknown
[2025-07-18 08:46:17] Nhận diện: Unknown
[2025-07-18 08:46:18] Nhận diện: Unknown
[2025-07-18 08:46:18] Nhận diện: Unknown
[2025-07-18 08:46:19] Nhận diện: vinth
[2025-07-18 08:46:19] Nhận diện: vinth
[2025-07-18 08:46:19] Nhận diện: vinth
[2025-07-18 08:46:20] Nhận diện: Unknown
[2025-07-18 08:46:20] Nhận diện: vinth
[2025-07-18 08:46:21] Nhận diện: vinth
[2025-07-18 08:46:21] Nhận diện: vinth
[2025-07-18 08:46:22] Nhận diện: vinth
[2025-07-18 08:46:22] Nhận diện: vinth
[2025-07-18 08:46:23] Nhận diện: vinth
[2025-07-18 08:46:23] Nhận diện: vinth
[2025-07-18 08:46:23] Nhận diện: Unknown
[2025-07-18 08:46:24] Nhận diện: Unknown
[2025-07-18 08:46:24] Nhận diện: vinth
[2025-07-18 08:46:24] Nhận diện: Unknown
[2025-07-18 08:46:25] Nhận diện: vinth
[2025-07-18 08:46:25] Nhận diện: vinth
[2025-07-18 08:46:25] Nhận diện: vinth
[2025-07-18 08:46:25] Nhận diện: vinth
[2025-07-18 08:46:26] Nhận diện: vinth
[2025-07-18 08:46:26] Nhận diện: Unknown
[2025-07-18 08:46:26] Nhận diện: vinth
[2025-07-18 08:46:27] Nhận diện: vinth
[2025-07-18 08:46:27] Nhận diện: vinth
[2025-07-18 08:46:28] Nhận diện: vinth
[2025-07-18 08:46:28] Nhận diện: Unknown
[2025-07-18 08:46:28] Nhận diện: vinth
[2025-07-18 08:46:28] Nhận diện: vinth
[2025-07-18 08:46:29] Nhận diện: vinth
[2025-07-18 08:46:29] Nhận diện: vinth
[2025-07-18 08:46:29] Nhận diện: vinth
[2025-07-18 08:46:30] Nhận diện: Unknown
[2025-07-18 08:46:30] Nhận diện: vinth
[2025-07-18 08:46:30] Nhận diện: Unknown
[2025-07-18 08:46:31] Nhận diện: vinth
[2025-07-18 08:46:31] Nhận diện: vinth
[2025-07-18 08:46:31] Nhận diện: Unknown
[2025-07-18 08:46:32] Nhận diện: vinth
[2025-07-18 08:46:32] Nhận diện: vinth
[2025-07-18 08:46:33] Nhận diện: Unknown
[2025-07-18 08:46:33] Nhận diện: vinth
[2025-07-18 08:46:34] Nhận diện: Unknown
[2025-07-18 08:46:34] Nhận diện: Unknown
[2025-07-18 08:46:35] Nhận diện: Unknown
[2025-07-18 08:46:41] Nhận diện: vinth
[2025-07-18 08:46:44] Nhận diện: vinth
[2025-07-18 08:54:27] Nhận diện: Unknown
[2025-07-18 08:54:30] Nhận diện: Unknown
[2025-07-18 08:54:30] Nhận diện: Unknown
[2025-07-18 08:54:30] Nhận diện: Unknown
[2025-07-18 08:54:31] Nhận diện: Unknown
[2025-07-18 08:54:31] Nhận diện: Unknown
[2025-07-18 08:54:31] Nhận diện: Unknown
[2025-07-18 08:54:32] Nhận diện: vinth
[2025-07-18 08:54:32] Nhận diện: vinth
[2025-07-18 08:54:33] Nhận diện: vinth
[2025-07-18 08:54:33] Nhận diện: vinth
[2025-07-18 08:54:34] Nhận diện: vinth
[2025-07-18 08:54:34] Nhận diện: vinth
[2025-07-18 08:56:02] Nhận diện: vinth
[2025-07-18 08:56:02] Nhận diện: vinth
[2025-07-18 08:56:03] Nhận diện: vinth
[2025-07-18 08:56:03] Nhận diện: vinth
[2025-07-18 08:56:03] Nhận diện: vinth
[2025-07-18 08:56:03] Nhận diện: vinth
[2025-07-18 08:56:04] Nhận diện: vinth
[2025-07-18 08:56:04] Nhận diện: vinth
[2025-07-18 08:56:04] Nhận diện: vinth
[2025-07-18 08:56:05] Nhận diện: vinth
[2025-07-18 08:56:05] Nhận diện: vinth
[2025-07-18 08:56:05] Nhận diện: vinth
[2025-07-18 08:56:06] Nhận diện: vinth
[2025-07-18 08:56:06] Nhận diện: vinth
[2025-07-18 08:56:06] Nhận diện: vinth
[2025-07-18 08:56:07] Nhận diện: vinth
[2025-07-18 08:56:10] Nhận diện: vinth
[2025-07-18 08:56:10] Nhận diện: vinth
[2025-07-18 08:56:11] Nhận diện: vinth
[2025-07-18 08:56:12] Nhận diện: vinth
[2025-07-18 08:56:13] Nhận diện: taivt
[2025-07-18 08:56:14] Nhận diện: taivt
[2025-07-18 08:56:14] Nhận diện: vinth
[2025-07-18 08:56:15] Nhận diện: vinth
[2025-07-18 08:56:15] Nhận diện: vinth
[2025-07-18 08:56:15] Nhận diện: vinth
[2025-07-18 08:56:15] Nhận diện: vinth
[2025-07-18 08:56:16] Nhận diện: taivt
[2025-07-18 08:56:16] Nhận diện: vinth
[2025-07-18 08:56:17] Nhận diện: taivt
[2025-07-18 08:56:17] Nhận diện: vinth
[2025-07-18 08:56:17] Nhận diện: vinth
[2025-07-18 08:56:17] Nhận diện: taivt
[2025-07-18 08:56:18] Nhận diện: vinth
[2025-07-18 08:56:18] Nhận diện: taivt
[2025-07-18 08:56:18] Nhận diện: taivt
[2025-07-18 08:56:18] Nhận diện: vinth
[2025-07-18 08:56:19] Nhận diện: taivt
[2025-07-18 08:56:19] Nhận diện: vinth
[2025-07-18 08:56:19] Nhận diện: taivt
[2025-07-18 08:56:19] Nhận diện: vinth
[2025-07-18 08:56:20] Nhận diện: taivt
[2025-07-18 08:56:20] Nhận diện: vinth
[2025-07-18 08:56:20] Nhận diện: taivt
[2025-07-18 08:56:20] Nhận diện: vinth
[2025-07-18 08:56:21] Nhận diện: taivt
[2025-07-18 08:56:21] Nhận diện: vinth
[2025-07-18 08:56:21] Nhận diện: taivt
[2025-07-18 08:56:21] Nhận diện: vinth
[2025-07-18 08:56:22] Nhận diện: taivt
[2025-07-18 08:56:22] Nhận diện: vinth
[2025-07-18 08:56:22] Nhận diện: taivt
[2025-07-18 08:56:22] Nhận diện: vinth
[2025-07-18 08:57:04] Nhận diện: vinth
[2025-07-18 08:57:05] Nhận diện: vinth
[2025-07-18 08:57:05] Nhận diện: vinth
[2025-07-18 08:57:06] Nhận diện: vinth
[2025-07-18 08:57:20] Nhận diện: taivt
[2025-07-18 08:57:22] Nhận diện: vinth
[2025-07-18 08:57:22] Nhận diện: taivt
[2025-07-18 08:57:22] Nhận diện: taivt
[2025-07-18 08:57:23] Nhận diện: taivt
[2025-07-18 08:57:23] Nhận diện: taivt
[2025-07-18 08:57:24] Nhận diện: taivt
[2025-07-18 08:57:24] Nhận diện: taivt
[2025-07-18 08:57:25] Nhận diện: taivt
[2025-07-18 08:57:25] Nhận diện: taivt
[2025-07-18 08:57:26] Nhận diện: vinth
[2025-07-18 08:57:26] Nhận diện: vinth
[2025-07-18 08:57:26] Nhận diện: taivt
[2025-07-18 08:57:27] Nhận diện: taivt
[2025-07-18 08:57:27] Nhận diện: taivt
[2025-07-18 08:57:28] Nhận diện: taivt
[2025-07-18 08:57:28] Nhận diện: vinth
[2025-07-18 08:57:29] Nhận diện: vinth
[2025-07-18 08:57:29] Nhận diện: vinth
[2025-07-18 08:57:29] Nhận diện: taivt
[2025-07-18 08:57:30] Nhận diện: taivt
[2025-07-18 08:57:30] Nhận diện: taivt
[2025-07-18 08:57:31] Nhận diện: taivt
[2025-07-18 08:57:31] Nhận diện: taivt
[2025-07-18 08:57:32] Nhận diện: taivt
[2025-07-18 08:57:32] Nhận diện: taivt
[2025-07-18 08:57:32] Nhận diện: taivt
[2025-07-18 08:57:33] Nhận diện: vinth
[2025-07-18 08:57:33] Nhận diện: Unknown
[2025-07-18 08:57:34] Nhận diện: taivt
[2025-07-18 08:57:34] Nhận diện: taivt
[2025-07-18 08:57:35] Nhận diện: taivt
[2025-07-18 08:57:35] Nhận diện: taivt
[2025-07-18 08:57:36] Nhận diện: taivt
[2025-07-18 08:57:36] Nhận diện: taivt
[2025-07-18 08:57:36] Nhận diện: taivt
[2025-07-18 08:57:37] Nhận diện: vinth
[2025-07-18 08:57:37] Nhận diện: taivt
[2025-07-18 08:57:38] Nhận diện: taivt
[2025-07-18 08:57:38] Nhận diện: taivt
[2025-07-18 08:57:39] Nhận diện: taivt
[2025-07-18 09:47:41] Nhận diện: vinth
[2025-07-18 09:47:42] Nhận diện: vinth
[2025-07-18 09:47:43] Nhận diện: Unknown
[2025-07-18 09:47:43] Nhận diện: vinth
[2025-07-18 09:47:44] Nhận diện: vinth
[2025-07-18 09:47:44] Nhận diện: vinth
[2025-07-18 09:47:45] Nhận diện: Unknown
[2025-07-18 09:47:45] Nhận diện: Unknown
[2025-07-18 09:47:46] Nhận diện: Unknown
[2025-07-18 09:47:46] Nhận diện: vinth
[2025-07-18 09:47:47] Nhận diện: vinth
[2025-07-18 09:47:48] Nhận diện: vinth
[2025-07-18 09:47:49] Nhận diện: vinth
[2025-07-18 09:47:50] Nhận diện: vinth
[2025-07-18 09:47:50] Nhận diện: vinth
[2025-07-18 09:47:51] Nhận diện: vinth
[2025-07-18 09:47:53] Nhận diện: vinth
[2025-07-18 09:47:54] Nhận diện: vinth
[2025-07-18 09:47:54] Nhận diện: vinth
[2025-07-18 09:47:55] Nhận diện: vinth
[2025-07-18 09:47:55] Nhận diện: vinth
[2025-07-18 09:47:56] Nhận diện: vinth
[2025-07-18 09:48:11] Nhận diện: vinth
[2025-07-18 09:48:12] Nhận diện: vinth
[2025-07-18 09:48:12] Nhận diện: vinth
[2025-07-18 09:48:41] Nhận diện: Unknown
[2025-07-18 09:48:43] Nhận diện: Unknown
[2025-07-18 09:48:48] Nhận diện: vinth
[2025-07-18 09:48:48] Nhận diện: Unknown
[2025-07-18 09:48:49] Nhận diện: vinth
[2025-07-18 09:48:49] Nhận diện: Unknown
[2025-07-18 09:48:50] Nhận diện: vinth
[2025-07-18 09:48:50] Nhận diện: vinth
[2025-07-18 09:48:50] Nhận diện: vinth
[2025-07-18 09:48:51] Nhận diện: vinth
[2025-07-18 09:48:51] Nhận diện: vinth
[2025-07-18 09:48:52] Nhận diện: vinth
[2025-07-18 09:48:52] Nhận diện: vinth
[2025-07-18 09:48:53] Nhận diện: vinth
[2025-07-18 09:48:53] Nhận diện: vinth
[2025-07-18 09:48:53] Nhận diện: vinth
[2025-07-18 09:48:54] Nhận diện: vinth
[2025-07-18 09:48:54] Nhận diện: vinth
[2025-07-18 09:48:55] Nhận diện: vinth
[2025-07-18 09:48:55] Nhận diện: vinth
[2025-07-18 09:48:56] Nhận diện: vinth
[2025-07-18 09:48:56] Nhận diện: vinth
[2025-07-18 09:48:56] Nhận diện: vinth
[2025-07-18 09:48:57] Nhận diện: vinth
[2025-07-18 09:49:01] Nhận diện: vinth
[2025-07-18 09:49:02] Nhận diện: vinth
[2025-07-18 09:49:04] Nhận diện: vinth
[2025-07-18 09:49:05] Nhận diện: Unknown
[2025-07-18 09:49:08] Nhận diện: Unknown
[2025-07-18 09:49:12] Nhận diện: vinth
[2025-07-18 09:49:22] Nhận diện: Unknown
[2025-07-18 09:49:22] Nhận diện: vinth
[2025-07-18 09:49:23] Nhận diện: vinth
[2025-07-18 09:49:25] Nhận diện: vinth
[2025-07-18 09:49:25] Nhận diện: vinth
[2025-07-18 09:49:25] Nhận diện: vinth
[2025-07-18 09:49:34] Nhận diện: vinth
[2025-07-18 09:49:35] Nhận diện: vinth
[2025-07-18 09:49:35] Nhận diện: vinth
[2025-07-18 09:49:39] Nhận diện: vinth
[2025-07-18 09:49:40] Nhận diện: vinth
[2025-07-18 09:49:40] Nhận diện: vinth
[2025-07-18 09:49:41] Nhận diện: vinth
[2025-07-18 09:49:41] Nhận diện: vinth
[2025-07-18 09:49:41] Nhận diện: vinth
[2025-07-18 09:49:42] Nhận diện: vinth
[2025-07-18 09:49:42] Nhận diện: vinth
[2025-07-18 09:49:43] Nhận diện: vinth
[2025-07-18 09:49:43] Nhận diện: vinth
[2025-07-18 09:49:44] Nhận diện: vinth
[2025-07-18 09:49:44] Nhận diện: vinth
[2025-07-18 09:49:45] Nhận diện: vinth
[2025-07-18 09:49:45] Nhận diện: vinth
[2025-07-18 09:49:45] Nhận diện: Unknown
[2025-07-18 09:49:46] Nhận diện: vinth
[2025-07-18 09:49:46] Nhận diện: vinth
[2025-07-18 09:49:47] Nhận diện: vinth
[2025-07-18 09:49:47] Nhận diện: vinth
[2025-07-18 09:49:48] Nhận diện: vinth
[2025-07-18 09:49:48] Nhận diện: vinth
[2025-07-18 09:49:48] Nhận diện: vinth
[2025-07-18 09:49:50] Nhận diện: vinth
[2025-07-18 09:49:50] Nhận diện: vinth
[2025-07-18 09:49:50] Nhận diện: vinth
[2025-07-18 09:49:51] Nhận diện: vinth
[2025-07-18 09:49:51] Nhận diện: vinth
[2025-07-18 09:49:53] Nhận diện: vinth
[2025-07-18 09:49:53] Nhận diện: vinth
[2025-07-18 09:49:54] Nhận diện: vinth
[2025-07-18 09:49:54] Nhận diện: vinth
[2025-07-18 09:49:55] Nhận diện: vinth
[2025-07-18 09:49:55] Nhận diện: vinth
[2025-07-18 09:49:55] Nhận diện: vinth
[2025-07-18 09:49:56] Nhận diện: vinth
[2025-07-18 09:49:56] Nhận diện: vinth
[2025-07-18 09:49:57] Nhận diện: vinth
[2025-07-18 09:49:57] Nhận diện: vinth
[2025-07-18 09:49:58] Nhận diện: vinth
[2025-07-18 09:49:58] Nhận diện: vinth
[2025-07-18 09:49:58] Nhận diện: vinth
[2025-07-18 09:49:59] Nhận diện: vinth
[2025-07-18 09:49:59] Nhận diện: vinth
[2025-07-18 09:50:00] Nhận diện: vinth
[2025-07-18 09:50:00] Nhận diện: vinth
[2025-07-18 09:50:01] Nhận diện: vinth
[2025-07-18 09:50:01] Nhận diện: vinth
[2025-07-18 09:50:02] Nhận diện: vinth
[2025-07-18 09:50:02] Nhận diện: vinth
[2025-07-18 09:50:03] Nhận diện: vinth
[2025-07-18 09:50:03] Nhận diện: vinth
[2025-07-18 09:50:04] Nhận diện: vinth
[2025-07-18 09:50:04] Nhận diện: vinth
[2025-07-18 09:50:04] Nhận diện: vinth
[2025-07-18 09:50:05] Nhận diện: vinth
[2025-07-18 09:50:06] Nhận diện: vinth
[2025-07-18 09:50:09] Nhận diện: vinth
[2025-07-18 09:50:09] Nhận diện: vinth
[2025-07-18 09:50:09] Nhận diện: vinth
[2025-07-18 09:50:49] Nhận diện: Unknown
[2025-07-18 09:51:13] Nhận diện: vinth
[2025-07-18 09:54:07] Nhận diện: vinth
[2025-07-18 09:55:21] Nhận diện: vinth
[2025-07-18 09:56:20] Nhận diện: vinth
[2025-07-18 09:56:21] Nhận diện: vinth
[2025-07-18 10:01:22] Nhận diện: Unknown
[2025-07-18 10:01:24] Nhận diện: Unknown
[2025-07-18 10:01:24] Nhận diện: Unknown
[2025-07-18 10:01:25] Nhận diện: Unknown
[2025-07-18 10:01:27] Nhận diện: Unknown
[2025-07-18 10:01:27] Nhận diện: Unknown
[2025-07-18 10:01:27] Nhận diện: taivt
[2025-07-18 10:01:27] Nhận diện: Unknown
[2025-07-18 10:01:27] Nhận diện: Unknown
[2025-07-18 10:01:34] Nhận diện: Unknown
[2025-07-18 10:01:34] Nhận diện: Unknown
[2025-07-18 10:01:35] Nhận diện: Unknown
[2025-07-18 10:01:35] Nhận diện: Unknown
[2025-07-18 10:01:36] Nhận diện: Unknown
[2025-07-18 10:01:36] Nhận diện: Unknown
[2025-07-21 08:02:47] Nhận diện: Unknown
[2025-07-21 08:02:50] Nhận diện: Unknown
[2025-07-21 08:02:51] Nhận diện: Unknown
[2025-07-21 08:02:53] Nhận diện: vinth
[2025-07-21 08:02:54] Nhận diện: vinth
[2025-07-21 08:02:54] Nhận diện: vinth
[2025-07-21 08:02:56] Nhận diện: Unknown
[2025-07-21 08:02:56] Nhận diện: vinth
[2025-07-21 08:02:57] Nhận diện: Unknown
[2025-07-21 08:02:57] Nhận diện: Unknown
[2025-07-21 08:02:58] Nhận diện: Unknown
[2025-07-21 08:02:58] Nhận diện: vinth
[2025-07-21 08:02:59] Nhận diện: vinth
[2025-07-21 08:02:59] Nhận diện: Unknown
[2025-07-21 08:03:00] Nhận diện: vinth
[2025-07-21 08:03:01] Nhận diện: Unknown
[2025-07-21 08:03:01] Nhận diện: vinth
[2025-07-21 08:03:02] Nhận diện: Unknown
[2025-07-21 08:03:02] Nhận diện: Unknown
[2025-07-21 08:03:02] Nhận diện: vinth
[2025-07-21 08:03:03] Nhận diện: vinth
[2025-07-21 08:03:03] Nhận diện: Unknown
[2025-07-21 08:03:04] Nhận diện: vinth
[2025-07-21 08:03:04] Nhận diện: vinth
[2025-07-21 08:03:05] Nhận diện: Unknown
[2025-07-21 08:03:05] Nhận diện: vinth
[2025-07-21 08:03:05] Nhận diện: vinth
[2025-07-21 08:03:06] Nhận diện: Unknown
[2025-07-21 08:03:07] Nhận diện: Unknown
[2025-07-21 08:03:07] Nhận diện: Unknown
[2025-07-21 08:03:08] Nhận diện: Unknown
[2025-07-21 08:03:08] Nhận diện: Unknown
[2025-07-21 08:03:13] Nhận diện: Unknown
[2025-07-21 08:03:32] Nhận diện: Unknown
[2025-07-21 08:03:33] Nhận diện: Unknown
[2025-07-21 08:03:33] Nhận diện: Unknown
[2025-07-21 08:03:34] Nhận diện: Unknown
[2025-07-21 08:03:34] Nhận diện: Unknown
[2025-07-21 08:03:35] Nhận diện: Unknown
[2025-07-21 08:03:35] Nhận diện: Unknown
[2025-07-21 08:03:36] Nhận diện: Unknown
[2025-07-21 08:03:36] Nhận diện: Unknown
[2025-07-21 08:03:37] Nhận diện: Unknown
[2025-07-21 08:03:37] Nhận diện: Unknown
[2025-07-21 08:03:38] Nhận diện: Unknown
[2025-07-21 08:03:38] Nhận diện: Unknown
[2025-07-21 08:03:39] Nhận diện: Unknown
[2025-07-21 08:03:40] Nhận diện: Unknown
[2025-07-21 08:03:41] Nhận diện: Unknown
[2025-07-21 08:03:41] Nhận diện: Unknown
[2025-07-21 08:03:42] Nhận diện: Unknown
[2025-07-21 08:03:42] Nhận diện: Unknown
[2025-07-21 08:03:42] Nhận diện: Unknown
[2025-07-21 08:03:43] Nhận diện: Unknown
[2025-07-21 08:03:54] Nhận diện: Unknown
[2025-07-21 08:03:55] Nhận diện: Unknown
[2025-07-21 08:03:55] Nhận diện: Unknown
[2025-07-21 08:03:56] Nhận diện: Unknown
[2025-07-21 08:03:56] Nhận diện: Unknown
[2025-07-21 08:03:57] Nhận diện: Unknown
[2025-07-21 08:03:57] Nhận diện: Unknown
[2025-07-21 08:03:57] Nhận diện: taivt
[2025-07-21 08:03:58] Nhận diện: Unknown
[2025-07-21 08:03:58] Nhận diện: taivt
[2025-07-21 08:03:58] Nhận diện: Unknown
[2025-07-21 08:03:58] Nhận diện: taivt
[2025-07-21 08:03:59] Nhận diện: Unknown
[2025-07-21 08:03:59] Nhận diện: taivt
[2025-07-21 08:03:59] Nhận diện: Unknown
[2025-07-21 08:03:59] Nhận diện: taivt
[2025-07-21 08:04:00] Nhận diện: Unknown
[2025-07-21 08:04:00] Nhận diện: taivt
[2025-07-21 08:04:00] Nhận diện: Unknown
[2025-07-21 08:04:00] Nhận diện: taivt
[2025-07-21 08:04:01] Nhận diện: Unknown
[2025-07-21 08:04:01] Nhận diện: taivt
[2025-07-21 08:04:01] Nhận diện: Unknown
[2025-07-21 08:04:01] Nhận diện: taivt
[2025-07-21 08:04:02] Nhận diện: Unknown
[2025-07-21 08:04:02] Nhận diện: Unknown
[2025-07-21 08:04:02] Nhận diện: Unknown
[2025-07-21 08:04:03] Nhận diện: Unknown
[2025-07-21 08:04:03] Nhận diện: Unknown
[2025-07-21 08:04:04] Nhận diện: Unknown
[2025-07-21 08:04:04] Nhận diện: Unknown
[2025-07-21 08:04:04] Nhận diện: Unknown
[2025-07-21 08:04:04] Nhận diện: taivt
[2025-07-21 08:04:05] Nhận diện: Unknown
[2025-07-21 08:04:05] Nhận diện: taivt
[2025-07-21 08:04:05] Nhận diện: Unknown
[2025-07-21 08:04:05] Nhận diện: taivt
[2025-07-21 08:04:06] Nhận diện: Unknown
[2025-07-21 08:04:06] Nhận diện: taivt
[2025-07-21 08:04:06] Nhận diện: Unknown
[2025-07-21 08:04:06] Nhận diện: taivt
[2025-07-21 08:04:07] Nhận diện: Unknown
[2025-07-21 08:04:07] Nhận diện: taivt
[2025-07-21 08:04:07] Nhận diện: Unknown
[2025-07-21 08:04:07] Nhận diện: Unknown
[2025-07-21 08:05:16] Nhận diện: khoata
[2025-07-21 08:05:16] Nhận diện: khoata
[2025-07-21 08:05:17] Nhận diện: khoata
[2025-07-21 08:05:17] Nhận diện: khoata
[2025-07-21 08:05:18] Nhận diện: khoata
[2025-07-21 08:05:18] Nhận diện: khoata
[2025-07-21 08:05:19] Nhận diện: khoata
[2025-07-21 08:05:19] Nhận diện: khoata
[2025-07-21 08:05:20] Nhận diện: khoata
[2025-07-21 08:05:20] Nhận diện: khoata
[2025-07-21 08:05:20] Nhận diện: khoata
[2025-07-21 08:05:21] Nhận diện: khoata
[2025-07-21 08:05:21] Nhận diện: khoata
[2025-07-21 08:05:22] Nhận diện: khoata
[2025-07-21 08:05:22] Nhận diện: khoata
[2025-07-21 08:05:23] Nhận diện: khoata
[2025-07-21 08:05:23] Nhận diện: khoata
[2025-07-21 08:05:23] Nhận diện: khoata
[2025-07-21 08:05:24] Nhận diện: khoata
[2025-07-21 08:05:24] Nhận diện: khoata
[2025-07-21 08:05:25] Nhận diện: khoata
[2025-07-21 08:05:25] Nhận diện: khoata
[2025-07-21 08:05:26] Nhận diện: khoata
[2025-07-21 08:05:26] Nhận diện: khoata
[2025-07-21 08:05:27] Nhận diện: khoata
[2025-07-21 08:05:27] Nhận diện: khoata
[2025-07-21 08:05:27] Nhận diện: khoata
[2025-07-21 08:05:28] Nhận diện: khoata
[2025-07-21 08:05:28] Nhận diện: khoata
[2025-07-21 08:05:29] Nhận diện: khoata
[2025-07-21 08:05:29] Nhận diện: khoata
[2025-07-21 08:05:30] Nhận diện: khoata
[2025-07-21 08:05:30] Nhận diện: Unknown
[2025-07-21 08:05:30] Nhận diện: khoata
[2025-07-21 08:05:31] Nhận diện: khoata
[2025-07-21 08:05:31] Nhận diện: khoata
[2025-07-21 08:05:32] Nhận diện: khoata
[2025-07-21 08:05:32] Nhận diện: khoata
[2025-07-21 08:05:33] Nhận diện: khoata
[2025-07-21 08:05:33] Nhận diện: khoata
[2025-07-21 08:05:34] Nhận diện: khoata
[2025-07-21 08:05:34] Nhận diện: khoata
[2025-07-21 08:05:34] Nhận diện: khoata
[2025-07-21 08:05:35] Nhận diện: khoata
[2025-07-21 08:05:35] Nhận diện: khoata
[2025-07-21 08:05:36] Nhận diện: khoata
[2025-07-21 08:05:36] Nhận diện: khoata
[2025-07-21 08:05:37] Nhận diện: khoata
[2025-07-21 08:05:37] Nhận diện: khoata
[2025-07-21 08:05:37] Nhận diện: khoata
[2025-07-21 08:05:38] Nhận diện: khoata
[2025-07-21 08:05:38] Nhận diện: khoata
[2025-07-21 08:05:39] Nhận diện: khoata
[2025-07-21 08:05:39] Nhận diện: khoata
[2025-07-21 08:05:40] Nhận diện: khoata
[2025-07-21 08:05:40] Nhận diện: khoata
[2025-07-21 08:05:41] Nhận diện: khoata
[2025-07-21 08:05:41] Nhận diện: khoata
[2025-07-21 08:05:41] Nhận diện: khoata
[2025-07-21 08:05:42] Nhận diện: khoata
[2025-07-21 08:05:42] Nhận diện: khoata
[2025-07-21 08:05:43] Nhận diện: khoata
[2025-07-21 08:05:43] Nhận diện: khoata
[2025-07-21 08:05:44] Nhận diện: khoata
[2025-07-21 08:05:44] Nhận diện: khoata
[2025-07-21 08:05:44] Nhận diện: khoata
[2025-07-21 08:05:45] Nhận diện: khoata
[2025-07-21 08:05:45] Nhận diện: khoata
[2025-07-21 08:05:46] Nhận diện: khoata
[2025-07-21 08:05:46] Nhận diện: khoata
[2025-07-21 08:05:47] Nhận diện: khoata
[2025-07-21 08:05:47] Nhận diện: khoata
[2025-07-21 08:05:48] Nhận diện: khoata
[2025-07-21 08:05:48] Nhận diện: khoata
[2025-07-21 08:05:48] Nhận diện: khoata
[2025-07-21 08:05:49] Nhận diện: khoata
[2025-07-21 08:05:49] Nhận diện: khoata
[2025-07-21 08:05:50] Nhận diện: khoata
[2025-07-21 08:05:50] Nhận diện: khoata
[2025-07-21 08:05:51] Nhận diện: khoata
[2025-07-21 08:05:51] Nhận diện: khoata
[2025-07-21 08:05:52] Nhận diện: Unknown
[2025-07-21 08:05:53] Nhận diện: taivt
[2025-07-21 08:05:53] Nhận diện: taivt
[2025-07-21 08:05:53] Nhận diện: taivt
[2025-07-21 08:05:54] Nhận diện: taivt
[2025-07-21 08:05:54] Nhận diện: taivt
[2025-07-21 08:05:57] Nhận diện: Unknown
[2025-07-21 08:05:57] Nhận diện: Unknown
[2025-07-21 08:05:58] Nhận diện: Unknown
[2025-07-21 08:05:58] Nhận diện: taivt
[2025-07-21 08:05:59] Nhận diện: taivt
[2025-07-21 08:06:03] Nhận diện: taivt
[2025-07-21 08:06:03] Nhận diện: Unknown
[2025-07-21 08:06:03] Nhận diện: taivt
[2025-07-21 08:06:05] Nhận diện: Unknown
[2025-07-21 08:06:05] Nhận diện: Unknown
[2025-07-21 08:06:06] Nhận diện: Unknown
[2025-07-21 08:06:07] Nhận diện: Unknown
[2025-07-21 08:06:07] Nhận diện: taivt
[2025-07-21 08:06:08] Nhận diện: Unknown
[2025-07-21 08:06:08] Nhận diện: Unknown
[2025-07-21 08:06:09] Nhận diện: taivt
[2025-07-21 08:06:09] Nhận diện: Unknown
[2025-07-21 08:06:10] Nhận diện: Unknown
[2025-07-21 08:06:10] Nhận diện: Unknown
[2025-07-21 08:06:10] Nhận diện: Unknown
[2025-07-21 08:06:11] Nhận diện: Unknown
[2025-07-21 08:06:11] Nhận diện: taivt
[2025-07-21 08:06:12] Nhận diện: Unknown
[2025-07-21 08:06:12] Nhận diện: taivt
[2025-07-21 08:06:14] Nhận diện: vinth
[2025-07-21 08:06:15] Nhận diện: vinth
[2025-07-21 08:06:15] Nhận diện: vinth
[2025-07-21 08:06:17] Nhận diện: vinth
[2025-07-21 08:06:18] Nhận diện: vinth
[2025-07-21 08:06:19] Nhận diện: vinth
[2025-07-21 08:06:19] Nhận diện: Unknown
[2025-07-21 08:06:24] Nhận diện: Unknown
[2025-07-21 08:06:25] Nhận diện: vinth
[2025-07-21 08:06:25] Nhận diện: vinth
[2025-07-21 08:06:35] Nhận diện: vinth
[2025-07-21 08:06:35] Nhận diện: vinth
[2025-07-21 08:06:35] Nhận diện: vinth
[2025-07-21 08:06:36] Nhận diện: vinth
[2025-07-21 08:06:36] Nhận diện: vinth
[2025-07-21 08:06:37] Nhận diện: vinth
[2025-07-21 08:06:37] Nhận diện: Unknown
[2025-07-21 08:06:38] Nhận diện: Unknown
[2025-07-21 08:06:39] Nhận diện: Unknown
[2025-07-21 08:06:40] Nhận diện: Unknown
[2025-07-21 08:06:40] Nhận diện: vinth
[2025-07-21 08:06:40] Nhận diện: Unknown
[2025-07-21 08:06:41] Nhận diện: Unknown
[2025-07-21 08:06:42] Nhận diện: vinth
[2025-07-21 08:06:42] Nhận diện: vinth
[2025-07-21 08:06:43] Nhận diện: vinth
[2025-07-21 08:06:43] Nhận diện: vinth
[2025-07-21 08:06:44] Nhận diện: vinth
[2025-07-21 08:06:44] Nhận diện: vinth
[2025-07-21 08:06:45] Nhận diện: vinth
[2025-07-21 08:06:45] Nhận diện: vinth
[2025-07-21 08:06:45] Nhận diện: vinth
[2025-07-21 08:06:46] Nhận diện: vinth
[2025-07-21 08:06:46] Nhận diện: vinth
[2025-07-21 08:06:47] Nhận diện: vinth
[2025-07-21 08:06:47] Nhận diện: vinth
[2025-07-21 08:06:48] Nhận diện: vinth
[2025-07-21 08:06:49] Nhận diện: Unknown
[2025-07-21 08:06:50] Nhận diện: Unknown
[2025-07-21 08:06:50] Nhận diện: Unknown
[2025-07-21 08:06:51] Nhận diện: Unknown
[2025-07-21 08:06:52] Nhận diện: Unknown
[2025-07-21 08:07:07] Nhận diện: Unknown
[2025-07-21 08:07:08] Nhận diện: Unknown
[2025-07-21 08:07:08] Nhận diện: Unknown
[2025-07-21 08:07:09] Nhận diện: vinth
[2025-07-21 08:07:09] Nhận diện: Unknown
[2025-07-21 08:07:10] Nhận diện: Unknown
[2025-07-21 08:07:10] Nhận diện: Unknown
[2025-07-21 08:07:11] Nhận diện: Unknown
[2025-07-21 08:07:11] Nhận diện: Unknown
[2025-07-21 08:07:16] Nhận diện: Unknown
[2025-07-21 08:07:16] Nhận diện: Unknown
[2025-07-21 08:07:17] Nhận diện: Unknown
[2025-07-21 08:07:23] Nhận diện: Unknown
[2025-07-21 08:07:24] Nhận diện: Unknown
[2025-07-21 08:07:24] Nhận diện: Unknown
[2025-07-21 08:07:25] Nhận diện: Unknown
[2025-07-21 08:07:25] Nhận diện: Unknown
[2025-07-21 08:07:25] Nhận diện: Unknown
[2025-07-21 08:07:26] Nhận diện: Unknown
[2025-07-21 08:07:26] Nhận diện: Unknown
[2025-07-21 08:07:27] Nhận diện: Unknown
[2025-07-21 08:07:27] Nhận diện: Unknown
[2025-07-21 08:07:29] Nhận diện: vinth
[2025-07-21 08:07:31] Nhận diện: Unknown
[2025-07-21 08:07:31] Nhận diện: vinth
[2025-07-21 08:07:32] Nhận diện: vinth
[2025-07-21 08:07:32] Nhận diện: vinth
[2025-07-21 08:07:33] Nhận diện: vinth
[2025-07-21 08:07:33] Nhận diện: vinth
[2025-07-21 08:07:34] Nhận diện: vinth
[2025-07-21 08:07:36] Nhận diện: vinth
[2025-07-21 08:07:36] Nhận diện: vinth
[2025-07-21 08:07:37] Nhận diện: vinth
[2025-07-21 08:07:37] Nhận diện: vinth
[2025-07-25 09:11:20] Nhận diện: Unknown
[2025-07-25 09:11:20] Nhận diện: Unknown
[2025-07-25 09:11:21] Nhận diện: Unknown
[2025-07-25 09:11:21] Nhận diện: Unknown
[2025-07-25 09:11:22] Nhận diện: Unknown
[2025-07-25 09:11:22] Nhận diện: Unknown
[2025-07-25 09:11:22] Nhận diện: Unknown
[2025-07-25 09:11:23] Nhận diện: Unknown
[2025-07-25 09:11:23] Nhận diện: Unknown
[2025-07-25 09:11:26] Nhận diện: Unknown
[2025-07-25 09:11:27] Nhận diện: Unknown
[2025-07-25 09:11:27] Nhận diện: Unknown
[2025-07-25 09:11:28] Nhận diện: Unknown
[2025-07-25 09:11:28] Nhận diện: Unknown
[2025-07-25 09:11:29] Nhận diện: Unknown
[2025-07-25 09:11:29] Nhận diện: Unknown
[2025-07-25 09:11:29] Nhận diện: Unknown
[2025-07-25 09:11:30] Nhận diện: Unknown
[2025-07-25 09:11:30] Nhận diện: Unknown
[2025-07-25 09:11:31] Nhận diện: Unknown
[2025-07-25 09:11:31] Nhận diện: Unknown
[2025-07-25 09:11:32] Nhận diện: Unknown
[2025-07-25 09:11:32] Nhận diện: Unknown
[2025-07-25 09:11:33] Nhận diện: Unknown
[2025-07-25 09:16:23] Nhận diện: Unknown
[2025-07-25 09:16:24] Nhận diện: unknown_1
[2025-07-25 09:16:24] Nhận diện: unknown_1
[2025-07-25 09:16:25] Nhận diện: unknown_1
[2025-07-25 09:16:26] Nhận diện: unknown_1
[2025-07-25 09:16:26] Nhận diện: unknown_1
[2025-07-25 09:16:27] Nhận diện: unknown_1
[2025-07-25 09:16:27] Nhận diện: unknown_1
[2025-07-25 09:16:27] Nhận diện: unknown_1
[2025-07-25 09:16:30] Nhận diện: unknown_1
[2025-07-25 09:16:31] Nhận diện: unknown_1
[2025-07-25 09:16:31] Nhận diện: unknown_1
[2025-07-25 09:16:32] Nhận diện: unknown_1
[2025-07-25 09:16:33] Nhận diện: unknown_1
[2025-07-25 09:16:34] Nhận diện: unknown_1
[2025-07-25 09:16:34] Nhận diện: Unknown
[2025-07-25 09:16:34] Nhận diện: unknown_1
[2025-07-25 09:16:35] Nhận diện: unknown_1
[2025-07-25 09:16:35] Nhận diện: unknown_1
[2025-07-25 09:16:39] Nhận diện: unknown_1
[2025-07-25 09:16:39] Nhận diện: unknown_1
[2025-07-25 09:16:40] Nhận diện: Unknown
[2025-07-25 09:16:40] Nhận diện: Unknown
[2025-07-25 09:16:41] Nhận diện: unknown_1
[2025-07-25 09:16:41] Nhận diện: unknown_1
[2025-07-25 09:16:42] Nhận diện: unknown_1
[2025-07-25 09:16:42] Nhận diện: unknown_1
[2025-07-25 09:16:42] Nhận diện: unknown_1
[2025-07-25 09:16:43] Nhận diện: unknown_1
[2025-07-25 09:16:43] Nhận diện: unknown_1
[2025-07-25 09:16:50] Nhận diện: unknown_1
[2025-07-25 09:16:51] Nhận diện: unknown_1
[2025-07-25 09:16:51] Nhận diện: unknown_1
[2025-07-25 09:16:52] Nhận diện: unknown_1
[2025-07-25 09:16:52] Nhận diện: unknown_1
[2025-07-25 09:16:53] Nhận diện: unknown_1
[2025-07-25 09:16:53] Nhận diện: unknown_1
[2025-07-25 09:16:56] Nhận diện: unknown_1
[2025-07-25 09:16:57] Nhận diện: unknown_1
[2025-07-25 09:16:57] Nhận diện: unknown_1
[2025-07-25 09:16:58] Nhận diện: unknown_1
[2025-07-25 09:16:58] Nhận diện: unknown_1
[2025-07-25 09:16:59] Nhận diện: unknown_1
[2025-07-25 09:16:59] Nhận diện: unknown_1
[2025-07-25 09:16:59] Nhận diện: unknown_1
[2025-07-25 09:17:00] Nhận diện: unknown_1
[2025-07-25 09:17:01] Nhận diện: unknown_1
[2025-07-25 09:17:02] Nhận diện: unknown_1
[2025-07-25 09:17:02] Nhận diện: unknown_1
[2025-07-25 09:17:03] Nhận diện: unknown_1
[2025-07-25 09:17:24] Nhận diện: Unknown
[2025-07-25 09:17:51] Nhận diện: unknown_1
[2025-07-25 09:17:52] Nhận diện: unknown_1
[2025-07-25 09:17:53] Nhận diện: unknown_1
[2025-07-25 09:17:53] Nhận diện: unknown_1
[2025-07-25 09:17:53] Nhận diện: unknown_1
[2025-07-25 09:17:54] Nhận diện: unknown_1
[2025-07-25 09:17:54] Nhận diện: Unknown
[2025-07-25 09:17:55] Nhận diện: unknown_3
[2025-07-25 09:17:55] Nhận diện: unknown_3
[2025-07-25 09:17:56] Nhận diện: Unknown
[2025-07-25 09:17:56] Nhận diện: Unknown
[2025-07-25 09:17:56] Nhận diện: unknown_4
[2025-07-25 09:17:56] Nhận diện: unknown_1
[2025-07-25 09:17:57] Nhận diện: unknown_4
[2025-07-25 09:17:57] Nhận diện: unknown_4
[2025-07-25 09:17:57] Nhận diện: Unknown
[2025-07-25 09:17:58] Nhận diện: unknown_4
[2025-07-25 09:17:58] Nhận diện: Unknown
[2025-07-25 09:17:58] Nhận diện: unknown_5
[2025-07-25 09:17:59] Nhận diện: Unknown
[2025-07-25 09:17:59] Nhận diện: unknown_5
[2025-07-25 09:17:59] Nhận diện: Unknown
[2025-07-25 09:17:59] Nhận diện: Unknown
[2025-07-25 09:18:00] Nhận diện: Unknown
[2025-07-25 09:18:00] Nhận diện: Unknown
[2025-07-25 09:18:00] Nhận diện: Unknown
[2025-07-25 09:18:00] Nhận diện: unknown_5
[2025-07-25 09:18:01] Nhận diện: unknown_4
[2025-07-25 09:18:01] Nhận diện: Unknown
[2025-07-25 09:18:01] Nhận diện: unknown_4
[2025-07-25 09:18:01] Nhận diện: unknown_5
[2025-07-25 09:18:02] Nhận diện: unknown_4
[2025-07-25 09:18:02] Nhận diện: Unknown
[2025-07-25 09:18:02] Nhận diện: unknown_4
[2025-07-25 09:18:02] Nhận diện: unknown_5
[2025-07-25 09:18:03] Nhận diện: unknown_4
[2025-07-25 09:18:03] Nhận diện: Unknown
[2025-07-25 09:18:03] Nhận diện: unknown_3
[2025-07-25 09:18:04] Nhận diện: unknown_3
[2025-07-25 09:18:04] Nhận diện: unknown_3
[2025-07-25 09:18:05] Nhận diện: Unknown
[2025-07-25 09:18:05] Nhận diện: unknown_1
[2025-07-25 09:18:06] Nhận diện: unknown_1
[2025-07-25 09:18:06] Nhận diện: unknown_1
[2025-07-25 09:18:07] Nhận diện: unknown_1
[2025-07-25 09:18:07] Nhận diện: unknown_1
[2025-07-25 09:18:08] Nhận diện: unknown_1
[2025-07-25 09:18:08] Nhận diện: unknown_1
[2025-07-25 09:18:09] Nhận diện: unknown_1
[2025-07-25 09:18:09] Nhận diện: unknown_1
[2025-07-25 09:18:10] Nhận diện: unknown_1
[2025-07-25 09:18:10] Nhận diện: unknown_1
[2025-07-25 09:18:11] Nhận diện: unknown_1
[2025-07-25 09:18:11] Nhận diện: Unknown
[2025-07-25 09:18:14] Nhận diện: unknown_1
[2025-07-25 09:18:14] Nhận diện: unknown_1
[2025-07-25 09:18:15] Nhận diện: unknown_1
[2025-07-25 09:18:15] Nhận diện: unknown_1
[2025-07-25 09:18:16] Nhận diện: unknown_1
[2025-07-25 09:18:19] Nhận diện: unknown_1
[2025-07-25 09:18:19] Nhận diện: unknown_1
[2025-07-25 09:18:20] Nhận diện: unknown_1
[2025-07-25 09:18:20] Nhận diện: unknown_1
[2025-07-25 09:18:21] Nhận diện: unknown_1
[2025-07-25 09:18:21] Nhận diện: unknown_1
[2025-07-25 09:18:22] Nhận diện: unknown_1
[2025-07-25 09:18:25] Nhận diện: unknown_1
[2025-07-25 09:18:25] Nhận diện: unknown_1
[2025-07-25 09:18:26] Nhận diện: Unknown
[2025-07-25 09:18:26] Nhận diện: unknown_1
[2025-07-25 09:18:27] Nhận diện: unknown_1
[2025-07-25 09:18:27] Nhận diện: unknown_1
[2025-07-25 09:18:27] Nhận diện: unknown_1
[2025-07-25 09:18:28] Nhận diện: unknown_1
[2025-07-25 09:18:28] Nhận diện: unknown_1
[2025-07-25 09:18:31] Nhận diện: unknown_1
[2025-07-25 09:18:31] Nhận diện: unknown_1
[2025-07-25 09:18:31] Nhận diện: unknown_1
[2025-07-25 09:18:32] Nhận diện: unknown_1
[2025-07-25 09:18:32] Nhận diện: unknown_1
[2025-07-25 09:18:33] Nhận diện: unknown_1
[2025-07-25 09:18:33] Nhận diện: unknown_1
[2025-07-25 09:18:34] Nhận diện: unknown_1
[2025-07-25 09:18:34] Nhận diện: Unknown
[2025-07-25 09:18:34] Nhận diện: Unknown
[2025-07-25 09:18:35] Nhận diện: Unknown
[2025-07-25 09:18:35] Nhận diện: unknown_6
[2025-07-25 09:18:36] Nhận diện: unknown_6
[2025-07-25 09:18:36] Nhận diện: unknown_6
[2025-07-25 09:18:37] Nhận diện: unknown_3
[2025-07-25 09:18:37] Nhận diện: unknown_3
[2025-07-25 09:18:38] Nhận diện: unknown_3
[2025-07-25 09:18:38] Nhận diện: unknown_3
[2025-07-25 09:18:38] Nhận diện: unknown_6
[2025-07-25 09:18:39] Nhận diện: unknown_3
[2025-07-25 09:18:39] Nhận diện: unknown_3
[2025-07-25 09:18:40] Nhận diện: unknown_3
[2025-07-25 09:18:40] Nhận diện: unknown_3
[2025-07-25 09:18:41] Nhận diện: unknown_3
[2025-07-25 09:18:41] Nhận diện: Unknown
[2025-07-25 09:18:41] Nhận diện: unknown_7
[2025-07-25 09:18:42] Nhận diện: unknown_7
[2025-07-25 09:18:42] Nhận diện: unknown_7
[2025-07-25 09:18:43] Nhận diện: unknown_7
[2025-07-25 09:18:43] Nhận diện: Unknown
[2025-07-25 09:18:44] Nhận diện: unknown_8
[2025-07-25 09:18:44] Nhận diện: unknown_1
[2025-07-25 09:18:45] Nhận diện: unknown_1
[2025-07-25 09:18:45] Nhận diện: unknown_1
[2025-07-25 09:18:46] Nhận diện: unknown_1
[2025-07-25 09:18:46] Nhận diện: unknown_1
[2025-07-25 09:18:47] Nhận diện: unknown_1
[2025-07-25 09:18:47] Nhận diện: unknown_1
[2025-07-25 09:18:51] Nhận diện: unknown_1
[2025-07-25 09:18:52] Nhận diện: unknown_1
[2025-07-25 09:18:52] Nhận diện: unknown_1
[2025-07-25 09:18:52] Nhận diện: unknown_1
[2025-07-25 09:18:53] Nhận diện: unknown_1
[2025-07-25 09:18:53] Nhận diện: Unknown
[2025-07-25 09:18:54] Nhận diện: unknown_3
[2025-07-25 09:18:54] Nhận diện: unknown_1
[2025-07-25 09:18:54] Nhận diện: Unknown
[2025-07-25 09:18:55] Nhận diện: Unknown
[2025-07-25 09:18:55] Nhận diện: Unknown
[2025-07-25 09:18:56] Nhận diện: unknown_1
[2025-07-25 09:18:56] Nhận diện: Unknown
[2025-07-25 09:18:56] Nhận diện: unknown_1
[2025-07-25 09:18:56] Nhận diện: Unknown
[2025-07-25 09:18:57] Nhận diện: Unknown
[2025-07-25 09:18:57] Nhận diện: unknown_1
[2025-07-25 09:18:57] Nhận diện: unknown_9
[2025-07-25 09:18:57] Nhận diện: unknown_5
[2025-07-25 09:18:58] Nhận diện: unknown_9
[2025-07-25 09:18:58] Nhận diện: unknown_5
[2025-07-25 09:18:58] Nhận diện: unknown_9
[2025-07-25 09:18:58] Nhận diện: unknown_5
[2025-07-25 09:18:59] Nhận diện: unknown_9
[2025-07-25 09:18:59] Nhận diện: unknown_9
[2025-07-25 09:19:00] Nhận diện: unknown_9
[2025-07-25 09:19:00] Nhận diện: unknown_9
[2025-07-25 09:19:00] Nhận diện: unknown_9
[2025-07-25 09:19:01] Nhận diện: Unknown
[2025-07-25 09:19:01] Nhận diện: unknown_9
[2025-07-25 09:19:02] Nhận diện: unknown_9
[2025-07-25 09:19:02] Nhận diện: unknown_9
[2025-07-25 09:19:03] Nhận diện: unknown_9
[2025-07-25 09:19:03] Nhận diện: unknown_9
[2025-07-25 09:19:04] Nhận diện: unknown_9
[2025-07-25 09:19:04] Nhận diện: unknown_9
[2025-07-25 09:19:04] Nhận diện: unknown_9
[2025-07-25 09:19:05] Nhận diện: unknown_9
[2025-07-25 09:19:05] Nhận diện: unknown_1
[2025-07-25 09:19:05] Nhận diện: unknown_9
[2025-07-25 09:19:05] Nhận diện: unknown_1
[2025-07-25 09:19:06] Nhận diện: unknown_9
[2025-07-25 09:19:06] Nhận diện: unknown_1
[2025-07-25 09:19:06] Nhận diện: unknown_9
[2025-07-25 09:19:06] Nhận diện: unknown_1
[2025-07-25 09:19:09] Nhận diện: unknown_1
[2025-07-25 09:19:10] Nhận diện: unknown_1
[2025-07-25 09:19:10] Nhận diện: unknown_1
[2025-07-25 09:19:10] Nhận diện: unknown_1
[2025-07-25 09:19:11] Nhận diện: unknown_1
[2025-07-25 09:19:12] Nhận diện: unknown_1
[2025-07-25 09:19:12] Nhận diện: unknown_1
[2025-07-25 09:19:20] Nhận diện: unknown_1
[2025-07-25 09:23:44] Nhận diện: vinth
[2025-07-25 09:23:45] Nhận diện: vinth
[2025-07-25 09:23:45] Nhận diện: vinth
[2025-07-25 09:23:46] Nhận diện: vinth
[2025-07-25 09:23:46] Nhận diện: vinth
[2025-07-25 09:23:46] Nhận diện: vinth
[2025-07-25 09:23:47] Nhận diện: vinth
[2025-07-25 09:23:47] Nhận diện: vinth
[2025-07-25 09:23:48] Nhận diện: vinth
[2025-07-25 09:23:49] Nhận diện: vinth
[2025-07-25 09:23:51] Nhận diện: vinth
[2025-07-25 09:23:51] Nhận diện: vinth
[2025-07-25 09:23:52] Nhận diện: vinth
[2025-07-25 09:23:53] Nhận diện: vinth
[2025-07-25 09:23:54] Nhận diện: vinth
[2025-07-25 09:23:55] Nhận diện: vinth
[2025-07-25 09:23:55] Nhận diện: vinth
[2025-07-25 09:23:56] Nhận diện: vinth
[2025-07-25 09:23:57] Nhận diện: vinth
[2025-07-25 09:24:02] Nhận diện: vinth
[2025-07-25 09:24:02] Nhận diện: Unknown
[2025-07-25 09:24:03] Nhận diện: unknown_10
[2025-07-25 09:24:04] Nhận diện: unknown_10
[2025-07-25 09:24:04] Nhận diện: unknown_10
[2025-07-25 09:24:05] Nhận diện: Unknown
[2025-07-25 09:24:05] Nhận diện: unknown_10
[2025-07-25 09:24:07] Nhận diện: vinth
[2025-07-25 09:24:07] Nhận diện: vinth
[2025-07-25 09:24:09] Nhận diện: vinth
[2025-07-25 09:24:09] Nhận diện: vinth
[2025-07-25 09:24:10] Nhận diện: vinth
[2025-07-25 09:24:10] Nhận diện: vinth
[2025-07-25 09:24:11] Nhận diện: vinth
[2025-07-25 09:24:11] Nhận diện: vinth
[2025-07-25 09:24:11] Nhận diện: vinth
[2025-07-25 09:24:12] Nhận diện: vinth
[2025-07-25 09:24:12] Nhận diện: vinth
[2025-07-25 09:24:13] Nhận diện: vinth
[2025-07-25 09:24:13] Nhận diện: vinth
[2025-07-25 09:24:14] Nhận diện: vinth
[2025-07-25 09:24:14] Nhận diện: vinth
[2025-07-25 09:24:15] Nhận diện: vinth
[2025-07-25 09:24:15] Nhận diện: vinth
[2025-07-25 09:24:15] Nhận diện: Unknown
[2025-07-25 09:24:16] Nhận diện: Unknown
[2025-07-25 09:24:16] Nhận diện: vinth
[2025-07-25 09:24:16] Nhận diện: Unknown
[2025-07-25 09:24:17] Nhận diện: unknown_13
[2025-07-25 09:24:17] Nhận diện: unknown_13
[2025-07-25 09:24:18] Nhận diện: Unknown
[2025-07-25 09:24:18] Nhận diện: unknown_13
[2025-07-25 09:24:19] Nhận diện: Unknown
[2025-07-25 09:24:19] Nhận diện: unknown_14
[2025-07-25 09:24:19] Nhận diện: unknown_14
[2025-07-25 09:24:20] Nhận diện: unknown_14
[2025-07-25 09:24:20] Nhận diện: unknown_14
[2025-07-25 09:24:21] Nhận diện: Unknown
[2025-07-25 09:24:21] Nhận diện: unknown_15
[2025-07-25 09:24:21] Nhận diện: vinth
[2025-07-25 09:24:22] Nhận diện: vinth
[2025-07-25 09:24:22] Nhận diện: unknown_15
[2025-07-25 09:24:22] Nhận diện: unknown_15
[2025-07-25 09:24:23] Nhận diện: unknown_15
[2025-07-25 09:24:23] Nhận diện: unknown_14
[2025-07-25 09:24:24] Nhận diện: unknown_14
[2025-07-25 09:24:24] Nhận diện: vinth
[2025-07-25 09:24:24] Nhận diện: unknown_14
[2025-07-25 09:24:25] Nhận diện: unknown_14
[2025-07-25 09:24:25] Nhận diện: unknown_14
[2025-07-25 09:24:25] Nhận diện: vinth
[2025-07-25 09:24:26] Nhận diện: vinth
[2025-07-25 09:24:38] Nhận diện: Unknown
[2025-07-25 09:24:42] Nhận diện: vinth
[2025-07-25 09:24:42] Nhận diện: vinth
[2025-07-25 09:24:42] Nhận diện: vinth
[2025-07-25 09:24:43] Nhận diện: vinth
[2025-07-25 09:24:43] Nhận diện: vinth
[2025-07-25 09:24:44] Nhận diện: vinth
[2025-07-25 09:24:44] Nhận diện: vinth
[2025-07-25 09:24:45] Nhận diện: vinth
[2025-07-25 09:24:45] Nhận diện: vinth
[2025-07-25 09:24:45] Nhận diện: vinth
[2025-07-25 09:24:46] Nhận diện: vinth
[2025-07-25 09:24:46] Nhận diện: vinth
[2025-07-25 09:24:47] Nhận diện: vinth
[2025-07-25 09:24:47] Nhận diện: vinth
[2025-07-25 09:24:48] Nhận diện: vinth
[2025-07-25 09:24:48] Nhận diện: vinth
[2025-07-25 09:24:49] Nhận diện: vinth
[2025-07-25 09:24:49] Nhận diện: vinth
[2025-07-25 09:24:49] Nhận diện: vinth
[2025-07-25 09:24:50] Nhận diện: vinth
[2025-07-25 09:24:50] Nhận diện: vinth
[2025-07-25 09:24:51] Nhận diện: Unknown
[2025-07-25 09:24:51] Nhận diện: vinth
[2025-07-25 09:24:51] Nhận diện: vinth
[2025-07-25 09:24:51] Nhận diện: Unknown
[2025-07-25 09:24:51] Nhận diện: vinth
[2025-07-25 09:24:52] Nhận diện: unknown_17
[2025-07-25 09:24:52] Nhận diện: vinth
[2025-07-25 09:24:52] Nhận diện: unknown_17
[2025-07-25 09:24:53] Nhận diện: unknown_17
[2025-07-25 09:24:53] Nhận diện: unknown_17
[2025-07-25 09:24:53] Nhận diện: Unknown
[2025-07-25 09:24:54] Nhận diện: vinth
[2025-07-25 09:24:54] Nhận diện: unknown_17
[2025-07-25 09:24:54] Nhận diện: unknown_17
[2025-07-25 09:24:54] Nhận diện: vinth
[2025-07-25 09:24:55] Nhận diện: unknown_17
[2025-07-25 09:24:55] Nhận diện: vinth
[2025-07-25 09:24:55] Nhận diện: unknown_17
[2025-07-25 09:24:55] Nhận diện: taivt
[2025-07-25 09:24:56] Nhận diện: unknown_17
[2025-07-25 09:24:56] Nhận diện: unknown_17
[2025-07-25 09:24:57] Nhận diện: unknown_17
[2025-07-25 09:24:57] Nhận diện: vinth
[2025-07-25 09:24:57] Nhận diện: unknown_17
[2025-07-25 09:24:58] Nhận diện: unknown_17
[2025-07-25 09:24:58] Nhận diện: unknown_17
[2025-07-25 09:24:59] Nhận diện: unknown_17
[2025-07-25 09:24:59] Nhận diện: unknown_17
[2025-07-25 09:24:59] Nhận diện: vinth
[2025-07-25 09:25:00] Nhận diện: unknown_17
[2025-07-25 09:25:00] Nhận diện: vinth
[2025-07-25 09:25:01] Nhận diện: vinth
[2025-07-25 09:25:01] Nhận diện: vinth
[2025-07-25 09:25:05] Nhận diện: vinth
[2025-07-25 09:25:05] Nhận diện: vinth
[2025-07-25 09:25:14] Nhận diện: vinth
[2025-07-25 09:25:15] Nhận diện: vinth
[2025-07-25 09:25:16] Nhận diện: vinth
[2025-07-25 09:25:22] Nhận diện: vinth
[2025-07-25 09:25:22] Nhận diện: unknown_11
[2025-07-25 09:25:22] Nhận diện: vinth
[2025-07-25 09:25:22] Nhận diện: unknown_11
[2025-07-25 09:25:22] Nhận diện: Unknown
[2025-07-25 09:25:23] Nhận diện: vinth
[2025-07-25 09:25:23] Nhận diện: unknown_17
[2025-07-25 09:25:23] Nhận diện: unknown_18
[2025-07-25 09:25:23] Nhận diện: unknown_17
[2025-07-25 09:25:24] Nhận diện: unknown_17
[2025-07-25 09:25:24] Nhận diện: unknown_17
[2025-07-25 09:25:25] Nhận diện: unknown_17
[2025-07-25 09:25:25] Nhận diện: unknown_17
[2025-07-25 09:25:26] Nhận diện: unknown_17
[2025-07-25 09:25:26] Nhận diện: unknown_17
[2025-07-25 09:25:26] Nhận diện: unknown_17
[2025-07-25 09:25:27] Nhận diện: unknown_17
[2025-07-25 09:25:27] Nhận diện: unknown_17
[2025-07-25 09:25:28] Nhận diện: unknown_17
[2025-07-25 09:25:28] Nhận diện: Unknown
[2025-07-25 09:25:29] Nhận diện: unknown_17
[2025-07-25 09:25:29] Nhận diện: unknown_17
[2025-07-25 09:25:30] Nhận diện: unknown_17
[2025-07-25 09:25:30] Nhận diện: unknown_17
[2025-07-25 09:25:30] Nhận diện: unknown_17
[2025-07-25 09:25:30] Nhận diện: Unknown
[2025-07-25 09:25:31] Nhận diện: unknown_17
[2025-07-25 09:25:41] Nhận diện: taivt
[2025-07-25 09:25:41] Nhận diện: taivt
[2025-07-25 09:25:48] Nhận diện: vinth
[2025-07-25 09:25:49] Nhận diện: vinth
[2025-07-25 09:25:49] Nhận diện: vinth
[2025-07-25 09:25:50] Nhận diện: unknown_17
[2025-07-25 09:25:50] Nhận diện: unknown_17
[2025-07-25 09:25:51] Nhận diện: unknown_17
[2025-07-25 09:25:52] Nhận diện: unknown_17
[2025-07-25 09:25:52] Nhận diện: unknown_17
[2025-07-25 09:25:53] Nhận diện: Unknown
[2025-07-25 09:25:54] Nhận diện: unknown_17
[2025-07-25 09:25:54] Nhận diện: unknown_17
[2025-07-25 09:25:55] Nhận diện: unknown_17
[2025-07-25 09:25:56] Nhận diện: unknown_17
[2025-07-25 09:25:56] Nhận diện: unknown_17
[2025-07-25 09:25:56] Nhận diện: unknown_17
[2025-07-25 09:25:57] Nhận diện: unknown_17
[2025-07-25 09:25:57] Nhận diện: unknown_17
[2025-07-25 09:25:58] Nhận diện: unknown_17
[2025-07-25 09:25:58] Nhận diện: unknown_17
[2025-07-25 09:25:58] Nhận diện: unknown_19
[2025-07-25 09:25:59] Nhận diện: unknown_17
[2025-07-25 09:25:59] Nhận diện: unknown_17
[2025-07-25 09:26:00] Nhận diện: unknown_17
[2025-07-25 09:26:00] Nhận diện: Unknown
[2025-07-25 09:26:00] Nhận diện: unknown_17
[2025-07-25 09:26:00] Nhận diện: Unknown
[2025-07-25 09:26:01] Nhận diện: unknown_17
[2025-07-25 09:26:01] Nhận diện: unknown_17
[2025-07-25 09:26:02] Nhận diện: vinth
[2025-07-25 09:26:02] Nhận diện: vinth
[2025-07-25 09:26:02] Nhận diện: vinth
[2025-07-25 09:26:03] Nhận diện: vinth
[2025-07-25 09:26:07] Nhận diện: vinth
[2025-07-25 09:26:08] Nhận diện: vinth
[2025-07-25 09:26:08] Nhận diện: vinth
[2025-07-25 09:26:11] Nhận diện: vinth
[2025-07-25 09:26:11] Nhận diện: vinth
[2025-07-25 09:26:11] Nhận diện: vinth
[2025-07-25 09:26:12] Nhận diện: vinth
[2025-07-25 09:26:12] Nhận diện: unknown_15
[2025-07-25 09:26:13] Nhận diện: vinth
[2025-07-25 09:26:13] Nhận diện: unknown_9
[2025-07-25 09:26:13] Nhận diện: unknown_11
[2025-07-25 09:26:13] Nhận diện: unknown_15
[2025-07-25 09:26:13] Nhận diện: unknown_15
[2025-07-25 09:26:14] Nhận diện: unknown_15
[2025-07-25 09:26:14] Nhận diện: unknown_9
[2025-07-25 09:26:15] Nhận diện: unknown_9
[2025-07-25 09:26:15] Nhận diện: unknown_9
[2025-07-25 09:26:16] Nhận diện: unknown_9
[2025-07-25 09:26:16] Nhận diện: unknown_15
[2025-07-25 09:26:17] Nhận diện: unknown_9
[2025-07-25 09:26:17] Nhận diện: unknown_9
[2025-07-25 09:26:17] Nhận diện: unknown_9
[2025-07-25 09:26:18] Nhận diện: unknown_9
[2025-07-25 09:26:18] Nhận diện: unknown_9
[2025-07-25 09:26:19] Nhận diện: unknown_9
[2025-07-25 09:26:19] Nhận diện: unknown_9
[2025-07-25 09:26:20] Nhận diện: unknown_9
[2025-07-25 09:26:20] Nhận diện: unknown_9
[2025-07-25 09:26:21] Nhận diện: unknown_9
[2025-07-25 09:26:21] Nhận diện: Unknown
[2025-07-25 09:26:21] Nhận diện: vinth
[2025-07-25 09:26:21] Nhận diện: vinth
[2025-07-25 09:26:22] Nhận diện: vinth
[2025-07-25 09:26:23] Nhận diện: vinth
[2025-07-25 09:26:23] Nhận diện: Unknown
[2025-07-25 09:26:23] Nhận diện: unknown_11
[2025-07-25 09:26:23] Nhận diện: unknown_9
[2025-07-25 09:26:23] Nhận diện: vinth
[2025-07-25 09:26:24] Nhận diện: Unknown
[2025-07-25 09:26:24] Nhận diện: vinth
[2025-07-25 09:26:24] Nhận diện: unknown_15
[2025-07-25 09:26:24] Nhận diện: vinth
[2025-07-25 09:26:25] Nhận diện: unknown_15
[2025-07-25 09:26:25] Nhận diện: vinth
[2025-07-25 09:26:25] Nhận diện: unknown_15
[2025-07-25 09:26:25] Nhận diện: vinth
[2025-07-25 09:26:26] Nhận diện: Unknown
[2025-07-25 09:26:26] Nhận diện: vinth
[2025-07-25 09:26:26] Nhận diện: unknown_15
[2025-07-25 09:26:27] Nhận diện: vinth
[2025-07-25 09:26:27] Nhận diện: vinth
[2025-07-25 09:26:27] Nhận diện: vinth
[2025-07-25 09:26:33] Nhận diện: vinth
[2025-07-25 09:26:34] Nhận diện: vinth
[2025-07-25 09:26:34] Nhận diện: vinth
[2025-07-25 09:26:35] Nhận diện: vinth
[2025-07-25 09:26:35] Nhận diện: vinth
[2025-07-25 09:26:35] Nhận diện: vinth
[2025-07-25 09:26:36] Nhận diện: vinth
[2025-07-25 09:26:36] Nhận diện: vinth
[2025-07-25 09:26:37] Nhận diện: vinth
[2025-07-25 09:26:37] Nhận diện: vinth
[2025-07-25 09:26:39] Nhận diện: vinth
[2025-07-25 09:26:39] Nhận diện: vinth
[2025-07-25 09:26:40] Nhận diện: vinth
[2025-07-25 09:26:40] Nhận diện: vinth
[2025-07-25 09:26:40] Nhận diện: vinth
[2025-07-25 09:26:41] Nhận diện: vinth
[2025-07-25 09:26:41] Nhận diện: vinth
[2025-07-25 09:26:41] Nhận diện: vinth
[2025-07-25 09:26:42] Nhận diện: vinth
[2025-07-25 09:26:42] Nhận diện: vinth
[2025-07-25 09:26:43] Nhận diện: vinth
[2025-07-25 09:26:43] Nhận diện: vinth
[2025-07-25 09:26:44] Nhận diện: vinth
[2025-07-25 09:26:44] Nhận diện: vinth
[2025-07-25 09:26:44] Nhận diện: vinth
[2025-07-25 09:26:45] Nhận diện: vinth
[2025-07-25 09:26:45] Nhận diện: vinth
[2025-07-25 09:26:46] Nhận diện: vinth
[2025-07-25 09:26:46] Nhận diện: vinth
[2025-07-25 09:26:47] Nhận diện: vinth
[2025-07-25 09:26:47] Nhận diện: vinth
[2025-07-25 09:26:48] Nhận diện: vinth
[2025-07-25 09:26:48] Nhận diện: vinth
[2025-07-25 09:26:49] Nhận diện: Unknown
[2025-07-25 09:26:49] Nhận diện: vinth
[2025-07-25 09:26:49] Nhận diện: unknown_21
[2025-07-25 09:26:49] Nhận diện: vinth
[2025-07-25 09:26:50] Nhận diện: unknown_21
[2025-07-25 09:26:50] Nhận diện: vinth
[2025-07-25 09:26:50] Nhận diện: unknown_21
[2025-07-25 09:26:50] Nhận diện: vinth
[2025-07-25 09:26:51] Nhận diện: unknown_21
[2025-07-25 09:26:51] Nhận diện: vinth
[2025-07-25 09:26:51] Nhận diện: unknown_21
[2025-07-25 09:26:51] Nhận diện: unknown_21
[2025-07-25 09:26:52] Nhận diện: unknown_21
[2025-07-25 09:26:52] Nhận diện: unknown_21
[2025-07-25 09:26:53] Nhận diện: unknown_21
[2025-07-25 09:26:53] Nhận diện: unknown_21
[2025-07-25 09:26:54] Nhận diện: unknown_21
[2025-07-25 09:26:54] Nhận diện: unknown_21
[2025-07-25 09:26:55] Nhận diện: unknown_21
[2025-07-25 09:26:55] Nhận diện: unknown_21
[2025-07-25 09:26:55] Nhận diện: unknown_21
[2025-07-25 09:26:56] Nhận diện: unknown_21
[2025-07-25 09:26:56] Nhận diện: unknown_21
[2025-07-25 09:26:57] Nhận diện: unknown_21
[2025-07-25 09:26:57] Nhận diện: unknown_21
[2025-07-25 09:26:57] Nhận diện: Unknown
[2025-07-25 09:26:58] Nhận diện: unknown_21
[2025-07-25 09:26:58] Nhận diện: Unknown
[2025-07-25 09:26:58] Nhận diện: unknown_21
[2025-07-25 09:26:59] Nhận diện: unknown_21
[2025-07-25 09:26:59] Nhận diện: unknown_21
[2025-07-25 09:27:00] Nhận diện: unknown_10
[2025-07-25 09:27:00] Nhận diện: unknown_21
[2025-07-25 09:27:00] Nhận diện: unknown_21
[2025-07-25 09:27:00] Nhận diện: unknown_10
[2025-07-25 09:27:01] Nhận diện: unknown_21
[2025-07-25 09:27:01] Nhận diện: unknown_21
[2025-07-25 09:27:01] Nhận diện: unknown_21
[2025-07-25 09:27:02] Nhận diện: unknown_21
[2025-07-25 09:27:02] Nhận diện: Unknown
[2025-07-25 09:27:03] Nhận diện: vinth
[2025-07-25 09:27:03] Nhận diện: vinth
[2025-07-25 09:27:04] Nhận diện: vinth
[2025-07-25 09:27:04] Nhận diện: vinth
[2025-07-25 09:27:05] Nhận diện: vinth
[2025-07-25 09:27:05] Nhận diện: vinth
[2025-07-25 09:27:06] Nhận diện: vinth
[2025-07-25 09:27:06] Nhận diện: vinth
[2025-07-25 09:27:07] Nhận diện: vinth
[2025-07-25 09:27:07] Nhận diện: vinth
[2025-07-25 09:27:08] Nhận diện: vinth
[2025-07-25 09:27:08] Nhận diện: vinth
[2025-07-25 09:27:08] Nhận diện: vinth
[2025-07-25 09:27:09] Nhận diện: Unknown
[2025-07-25 09:27:09] Nhận diện: vinth
[2025-07-25 09:27:09] Nhận diện: unknown_23
[2025-07-25 09:27:10] Nhận diện: unknown_23
[2025-07-25 09:27:10] Nhận diện: unknown_23
[2025-07-25 09:27:11] Nhận diện: unknown_23
[2025-07-25 09:27:11] Nhận diện: unknown_23
[2025-07-25 09:27:12] Nhận diện: unknown_23
[2025-07-25 09:27:12] Nhận diện: unknown_23
[2025-07-25 09:27:12] Nhận diện: unknown_23
[2025-07-25 09:27:13] Nhận diện: unknown_23
[2025-07-25 09:27:13] Nhận diện: unknown_23
[2025-07-25 09:27:14] Nhận diện: unknown_23
[2025-07-25 09:27:14] Nhận diện: unknown_23
[2025-07-25 09:27:15] Nhận diện: unknown_23
[2025-07-25 09:27:15] Nhận diện: unknown_23
[2025-07-25 09:27:16] Nhận diện: unknown_23
[2025-07-25 09:27:16] Nhận diện: unknown_23
[2025-07-25 09:27:16] Nhận diện: unknown_23
[2025-07-25 09:27:17] Nhận diện: unknown_23
[2025-07-25 09:27:17] Nhận diện: unknown_23
[2025-07-25 09:27:17] Nhận diện: vinth
[2025-07-25 09:27:18] Nhận diện: vinth
[2025-07-25 09:27:18] Nhận diện: vinth
[2025-07-25 09:27:19] Nhận diện: unknown_23
[2025-07-25 09:27:19] Nhận diện: vinth
[2025-07-25 09:27:19] Nhận diện: unknown_23
[2025-07-25 09:27:19] Nhận diện: vinth
[2025-07-25 09:27:19] Nhận diện: Unknown
[2025-07-25 09:27:24] Nhận diện: unknown_18
[2025-07-25 09:27:25] Nhận diện: unknown_10
[2025-07-25 09:27:30] Nhận diện: unknown_18
[2025-07-25 09:27:31] Nhận diện: unknown_22
[2025-07-25 09:27:34] Nhận diện: Unknown
[2025-07-25 09:27:34] Nhận diện: vinth
[2025-07-25 09:27:35] Nhận diện: unknown_24
[2025-07-25 09:27:35] Nhận diện: unknown_24
[2025-07-25 09:27:35] Nhận diện: unknown_24
[2025-07-25 09:27:36] Nhận diện: unknown_24
[2025-07-25 09:27:36] Nhận diện: unknown_24
[2025-07-25 09:27:39] Nhận diện: unknown_24
[2025-07-25 09:27:39] Nhận diện: unknown_10
[2025-07-25 09:27:39] Nhận diện: unknown_10
[2025-07-25 09:27:39] Nhận diện: unknown_24
[2025-07-25 09:27:40] Nhận diện: unknown_24
[2025-07-25 09:27:40] Nhận diện: unknown_10
[2025-07-25 09:27:40] Nhận diện: unknown_22
[2025-07-25 09:27:40] Nhận diện: unknown_24
[2025-07-25 09:27:41] Nhận diện: unknown_24
[2025-07-25 09:27:41] Nhận diện: unknown_24
[2025-07-25 09:27:42] Nhận diện: unknown_24
[2025-07-25 09:27:42] Nhận diện: unknown_24
[2025-07-25 09:27:43] Nhận diện: unknown_24
[2025-07-25 09:27:43] Nhận diện: unknown_24
[2025-07-25 09:27:44] Nhận diện: unknown_24
[2025-07-25 09:27:44] Nhận diện: unknown_24
[2025-07-25 09:27:45] Nhận diện: unknown_24
[2025-07-25 09:27:46] Nhận diện: unknown_24
[2025-07-25 09:27:46] Nhận diện: unknown_24
[2025-07-25 09:27:47] Nhận diện: unknown_24
[2025-07-25 09:27:48] Nhận diện: unknown_24
[2025-07-25 09:27:49] Nhận diện: unknown_24
[2025-07-25 09:27:50] Nhận diện: unknown_24
[2025-07-25 09:27:51] Nhận diện: unknown_24
[2025-07-25 09:27:52] Nhận diện: unknown_24
[2025-07-25 09:27:52] Nhận diện: unknown_24
[2025-07-25 09:27:53] Nhận diện: unknown_24
[2025-07-25 09:27:53] Nhận diện: unknown_24
[2025-07-25 09:27:55] Nhận diện: unknown_24
[2025-07-25 09:27:56] Nhận diện: unknown_24
[2025-07-25 09:27:57] Nhận diện: unknown_24
[2025-07-25 09:27:57] Nhận diện: unknown_24
[2025-07-25 09:27:58] Nhận diện: vinth
[2025-07-25 09:27:59] Nhận diện: vinth
[2025-07-25 09:27:59] Nhận diện: vinth
[2025-07-25 09:28:02] Nhận diện: vinth
[2025-07-25 09:28:03] Nhận diện: vinth
[2025-07-25 09:28:03] Nhận diện: vinth
[2025-07-25 09:28:04] Nhận diện: vinth
[2025-07-25 09:28:04] Nhận diện: vinth
[2025-07-25 09:28:05] Nhận diện: vinth
[2025-07-25 09:28:05] Nhận diện: vinth
[2025-07-25 09:28:06] Nhận diện: Unknown
[2025-07-25 09:28:07] Nhận diện: unknown_10
[2025-07-25 09:28:08] Nhận diện: unknown_10
[2025-07-25 09:28:08] Nhận diện: unknown_10
[2025-07-25 09:28:09] Nhận diện: unknown_10
[2025-07-25 09:28:09] Nhận diện: unknown_10
[2025-07-25 09:28:10] Nhận diện: unknown_10
[2025-07-25 09:28:11] Nhận diện: Unknown
[2025-07-25 09:28:16] Nhận diện: vinth
[2025-07-25 09:28:20] Nhận diện: vinth
[2025-07-25 09:28:21] Nhận diện: vinth
[2025-07-25 09:28:21] Nhận diện: vinth
[2025-07-25 09:28:22] Nhận diện: vinth
[2025-07-25 09:28:22] Nhận diện: vinth
[2025-07-25 09:28:33] Nhận diện: vinth
[2025-07-25 09:28:34] Nhận diện: Unknown
[2025-07-25 09:28:34] Nhận diện: unknown_24
[2025-07-25 09:28:35] Nhận diện: unknown_10
[2025-07-25 09:28:35] Nhận diện: unknown_10
[2025-07-25 09:28:35] Nhận diện: unknown_10
[2025-07-25 09:28:35] Nhận diện: vinth
[2025-07-25 09:28:36] Nhận diện: unknown_10
[2025-07-25 09:28:36] Nhận diện: unknown_10
[2025-07-25 09:28:37] Nhận diện: Unknown
[2025-07-25 09:41:59] Nhận diện: vinth
[2025-07-25 09:41:59] Nhận diện: vinth
[2025-07-25 09:42:02] Nhận diện: Unknown
[2025-07-25 09:42:03] Nhận diện: unknown_26
[2025-07-25 09:42:03] Nhận diện: taivt
[2025-07-25 09:42:03] Nhận diện: taivt
[2025-07-25 09:42:03] Nhận diện: vinth
[2025-07-25 09:42:04] Nhận diện: taivt
[2025-07-25 09:42:04] Nhận diện: taivt
[2025-07-25 09:42:05] Nhận diện: vinth
[2025-07-25 09:42:05] Nhận diện: taivt
[2025-07-25 09:42:05] Nhận diện: taivt
[2025-07-25 09:42:05] Nhận diện: vinth
[2025-07-25 09:42:06] Nhận diện: taivt
[2025-07-25 09:42:06] Nhận diện: vinth
[2025-07-25 09:42:06] Nhận diện: unknown_26
[2025-07-25 09:42:06] Nhận diện: Unknown
[2025-07-25 09:42:07] Nhận diện: unknown_10
[2025-07-25 09:42:07] Nhận diện: unknown_26
[2025-07-25 09:42:07] Nhận diện: unknown_26
[2025-07-25 09:42:08] Nhận diện: vinth
[2025-07-25 09:42:08] Nhận diện: vinth
[2025-07-25 09:42:09] Nhận diện: vinth
[2025-07-25 09:42:09] Nhận diện: vinth
[2025-07-25 09:42:09] Nhận diện: vinth
[2025-07-25 09:42:09] Nhận diện: vinth
[2025-07-25 09:42:10] Nhận diện: unknown_26
[2025-07-25 09:42:10] Nhận diện: unknown_26
[2025-07-25 09:42:11] Nhận diện: unknown_26
[2025-07-25 09:42:11] Nhận diện: unknown_26
[2025-07-25 09:42:12] Nhận diện: unknown_26
[2025-07-25 09:42:12] Nhận diện: vinth
[2025-07-25 09:42:12] Nhận diện: unknown_26
[2025-07-25 09:42:13] Nhận diện: unknown_26
[2025-07-25 09:42:13] Nhận diện: vinth
[2025-07-25 09:42:14] Nhận diện: vinth
[2025-07-25 09:42:17] Nhận diện: unknown_10
[2025-07-25 09:42:18] Nhận diện: Unknown
[2025-07-25 09:42:20] Nhận diện: vinth
[2025-07-25 09:42:21] Nhận diện: vinth
[2025-07-25 09:42:22] Nhận diện: vinth
[2025-07-25 09:42:23] Nhận diện: vinth
[2025-07-25 09:42:23] Nhận diện: vinth
[2025-07-25 09:42:24] Nhận diện: vinth
[2025-07-25 09:42:24] Nhận diện: vinth
[2025-07-25 09:42:24] Nhận diện: vinth
[2025-07-25 09:42:25] Nhận diện: vinth
[2025-07-25 09:42:25] Nhận diện: vinth
[2025-07-25 09:42:26] Nhận diện: vinth
[2025-07-25 09:42:26] Nhận diện: vinth
[2025-07-25 09:42:27] Nhận diện: vinth
[2025-07-25 09:42:27] Nhận diện: vinth
[2025-07-25 09:42:27] Nhận diện: vinth
[2025-07-25 09:42:28] Nhận diện: vinth
[2025-07-25 09:42:28] Nhận diện: vinth
[2025-07-25 09:42:29] Nhận diện: vinth
[2025-07-25 09:42:29] Nhận diện: vinth
[2025-07-25 09:42:30] Nhận diện: vinth
[2025-07-25 09:42:30] Nhận diện: vinth
[2025-07-25 09:42:31] Nhận diện: vinth
[2025-07-25 09:42:31] Nhận diện: vinth
[2025-07-25 09:42:31] Nhận diện: vinth
[2025-07-25 09:42:32] Nhận diện: vinth
[2025-07-25 09:42:32] Nhận diện: Unknown
[2025-07-25 09:42:32] Nhận diện: vinth
[2025-07-25 09:42:32] Nhận diện: Unknown
[2025-07-25 09:42:33] Nhận diện: Unknown
[2025-07-25 09:42:33] Nhận diện: vinth
[2025-07-25 09:42:33] Nhận diện: Unknown
[2025-07-25 09:42:34] Nhận diện: unknown_29
[2025-07-25 09:42:34] Nhận diện: vinth
[2025-07-25 09:42:34] Nhận diện: Unknown
[2025-07-25 09:42:35] Nhận diện: vinth
[2025-07-25 09:42:35] Nhận diện: unknown_30
[2025-07-25 09:42:35] Nhận diện: vinth
[2025-07-25 09:42:35] Nhận diện: vinth
[2025-07-25 09:42:36] Nhận diện: vinth
[2025-07-25 09:42:36] Nhận diện: vinth
[2025-07-25 09:42:37] Nhận diện: vinth
[2025-07-25 09:42:37] Nhận diện: vinth
[2025-07-25 09:42:38] Nhận diện: Unknown
[2025-07-25 09:42:38] Nhận diện: vinth
[2025-07-25 09:42:38] Nhận diện: Unknown
[2025-07-25 09:42:39] Nhận diện: Unknown
[2025-07-25 09:42:39] Nhận diện: Unknown
[2025-07-25 09:42:40] Nhận diện: Unknown
[2025-07-25 09:42:40] Nhận diện: Unknown
[2025-07-25 09:42:41] Nhận diện: unknown_32
[2025-07-25 09:42:42] Nhận diện: vinth
[2025-07-25 09:42:42] Nhận diện: vinth
[2025-07-25 09:42:43] Nhận diện: vinth
[2025-07-25 09:42:43] Nhận diện: vinth
[2025-07-25 09:42:44] Nhận diện: vinth
[2025-07-25 09:42:45] Nhận diện: vinth
[2025-07-25 09:42:45] Nhận diện: vinth
[2025-07-25 09:42:46] Nhận diện: vinth
[2025-07-25 09:42:46] Nhận diện: vinth
[2025-07-25 09:42:47] Nhận diện: vinth
[2025-07-25 09:42:47] Nhận diện: vinth
[2025-07-25 09:42:48] Nhận diện: vinth
[2025-07-25 09:42:48] Nhận diện: vinth
[2025-07-25 09:42:49] Nhận diện: vinth
[2025-07-25 09:42:50] Nhận diện: vinth
[2025-07-25 09:42:50] Nhận diện: unknown_26
[2025-07-25 09:42:51] Nhận diện: vinth
[2025-07-25 09:42:51] Nhận diện: unknown_26
[2025-07-25 09:42:53] Nhận diện: vinth
[2025-07-25 09:42:53] Nhận diện: vinth
[2025-07-25 09:42:54] Nhận diện: vinth
[2025-07-25 09:42:55] Nhận diện: unknown_26
[2025-07-25 09:42:56] Nhận diện: vinth
[2025-07-25 09:42:56] Nhận diện: vinth
[2025-07-25 09:42:57] Nhận diện: vinth
[2025-07-25 09:42:57] Nhận diện: vinth
[2025-07-25 09:42:58] Nhận diện: vinth
[2025-07-25 09:43:03] Nhận diện: vinth
[2025-07-25 09:43:03] Nhận diện: vinth
[2025-07-25 09:43:06] Nhận diện: vinth
[2025-07-25 09:43:51] Nhận diện: vinth
[2025-07-25 09:43:52] Nhận diện: vinth
[2025-07-25 09:43:52] Nhận diện: vinth
[2025-07-25 09:43:59] Nhận diện: unknown_26
[2025-07-25 09:44:00] Nhận diện: unknown_26
[2025-07-25 09:44:00] Nhận diện: unknown_26
[2025-07-25 09:44:00] Nhận diện: vinth
[2025-07-25 09:44:01] Nhận diện: vinth
[2025-07-25 09:44:01] Nhận diện: vinth
[2025-07-25 09:44:02] Nhận diện: vinth
[2025-07-25 09:44:03] Nhận diện: vinth
[2025-07-25 09:44:03] Nhận diện: vinth
[2025-07-25 09:44:03] Nhận diện: vinth
[2025-07-25 09:44:04] Nhận diện: vinth
[2025-07-25 09:44:04] Nhận diện: vinth
[2025-07-25 09:44:05] Nhận diện: vinth
[2025-07-25 09:44:05] Nhận diện: vinth
[2025-07-25 09:44:06] Nhận diện: taivt
[2025-07-25 09:44:06] Nhận diện: taivt
[2025-07-25 09:44:06] Nhận diện: vinth
[2025-07-25 09:44:37] Nhận diện: vinth
[2025-07-25 09:44:38] Nhận diện: Unknown
[2025-07-25 09:44:38] Nhận diện: Unknown
[2025-07-25 09:44:39] Nhận diện: Unknown
[2025-07-25 09:44:39] Nhận diện: Unknown
[2025-07-25 09:44:39] Nhận diện: Unknown
[2025-07-25 09:44:39] Nhận diện: Unknown
[2025-07-25 09:44:39] Nhận diện: Unknown
[2025-07-25 09:44:39] Nhận diện: Unknown
[2025-07-25 09:44:39] Nhận diện: Unknown
[2025-07-25 09:44:39] Nhận diện: unknown_36
[2025-07-25 09:44:40] Nhận diện: Unknown
[2025-07-25 09:44:40] Nhận diện: unknown_23
[2025-07-25 09:44:40] Nhận diện: unknown_37
[2025-07-25 09:44:40] Nhận diện: unknown_36
[2025-07-25 09:44:41] Nhận diện: unknown_37
[2025-07-25 09:44:41] Nhận diện: Unknown
[2025-07-25 09:44:41] Nhận diện: unknown_23
[2025-07-25 09:44:41] Nhận diện: unknown_36
[2025-07-25 09:44:41] Nhận diện: unknown_37
[2025-07-25 09:44:41] Nhận diện: Unknown
[2025-07-25 09:44:41] Nhận diện: unknown_23
[2025-07-25 09:44:41] Nhận diện: unknown_36
[2025-07-25 09:44:42] Nhận diện: unknown_37
[2025-07-25 09:44:42] Nhận diện: unknown_23
[2025-07-25 09:44:42] Nhận diện: Unknown
[2025-07-25 09:44:42] Nhận diện: unknown_36
[2025-07-25 09:44:43] Nhận diện: Unknown
[2025-07-25 09:44:43] Nhận diện: unknown_37
[2025-07-25 09:44:43] Nhận diện: unknown_23
[2025-07-25 09:44:43] Nhận diện: unknown_36
[2025-07-25 09:44:44] Nhận diện: unknown_37
[2025-07-25 09:44:44] Nhận diện: Unknown
[2025-07-25 09:44:44] Nhận diện: unknown_23
[2025-07-25 09:44:44] Nhận diện: unknown_36
[2025-07-25 09:44:44] Nhận diện: unknown_37
[2025-07-25 09:44:44] Nhận diện: Unknown
[2025-07-25 09:44:44] Nhận diện: unknown_23
[2025-07-25 09:44:44] Nhận diện: unknown_36
[2025-07-25 09:44:45] Nhận diện: Unknown
[2025-07-25 09:44:45] Nhận diện: unknown_37
[2025-07-25 09:44:45] Nhận diện: unknown_36
[2025-07-25 09:44:45] Nhận diện: unknown_23
[2025-07-25 09:44:46] Nhận diện: Unknown
[2025-07-25 09:44:46] Nhận diện: unknown_37
[2025-07-25 09:44:46] Nhận diện: unknown_23
[2025-07-25 09:44:46] Nhận diện: unknown_36
[2025-07-25 09:44:46] Nhận diện: Unknown
[2025-07-25 09:44:46] Nhận diện: unknown_37
[2025-07-25 09:44:46] Nhận diện: unknown_23
[2025-07-25 09:44:46] Nhận diện: unknown_36
[2025-07-25 09:44:47] Nhận diện: Unknown
[2025-07-25 09:44:47] Nhận diện: unknown_37
[2025-07-25 09:44:47] Nhận diện: unknown_23
[2025-07-25 09:44:47] Nhận diện: unknown_36
[2025-07-25 09:44:48] Nhận diện: Unknown
[2025-07-25 09:44:48] Nhận diện: unknown_37
[2025-07-25 09:44:48] Nhận diện: unknown_23
[2025-07-25 09:44:48] Nhận diện: unknown_36
[2025-07-25 09:44:48] Nhận diện: Unknown
[2025-07-25 09:44:48] Nhận diện: unknown_35
[2025-07-25 09:44:48] Nhận diện: unknown_23
[2025-07-25 09:44:48] Nhận diện: unknown_36
[2025-07-25 09:44:49] Nhận diện: Unknown
[2025-07-25 09:44:49] Nhận diện: unknown_35
[2025-07-25 09:44:49] Nhận diện: unknown_23
[2025-07-25 09:44:49] Nhận diện: unknown_36
[2025-07-25 09:44:50] Nhận diện: unknown_37
[2025-07-25 09:44:50] Nhận diện: Unknown
[2025-07-25 09:44:50] Nhận diện: unknown_23
[2025-07-25 09:44:50] Nhận diện: unknown_36
[2025-07-25 09:44:50] Nhận diện: Unknown
[2025-07-25 09:44:50] Nhận diện: unknown_35
[2025-07-25 09:44:50] Nhận diện: unknown_36
[2025-07-25 09:44:50] Nhận diện: unknown_38
[2025-07-25 09:44:51] Nhận diện: Unknown
[2025-07-25 09:44:52] Nhận diện: vinth
[2025-07-25 09:44:52] Nhận diện: vinth
[2025-07-25 09:44:53] Nhận diện: vinth
[2025-07-25 09:45:01] Nhận diện: Unknown
[2025-07-25 09:45:01] Nhận diện: unknown_40
[2025-07-25 09:45:02] Nhận diện: unknown_34
[2025-07-25 09:45:02] Nhận diện: Unknown
[2025-07-25 09:45:03] Nhận diện: Unknown
[2025-07-25 09:45:03] Nhận diện: Unknown
[2025-07-25 09:45:03] Nhận diện: unknown_38
[2025-07-25 09:45:03] Nhận diện: unknown_41
[2025-07-25 09:45:04] Nhận diện: unknown_38
[2025-07-25 09:45:04] Nhận diện: unknown_41
[2025-07-25 09:45:04] Nhận diện: unknown_41
[2025-07-25 09:45:04] Nhận diện: unknown_38
[2025-07-25 09:45:05] Nhận diện: unknown_38
[2025-07-25 09:45:05] Nhận diện: unknown_41
[2025-07-25 09:45:05] Nhận diện: Unknown
[2025-07-25 09:45:06] Nhận diện: unknown_38
[2025-07-25 09:45:06] Nhận diện: unknown_41
[2025-07-25 09:45:06] Nhận diện: unknown_27
[2025-07-25 09:45:06] Nhận diện: unknown_41
[2025-07-25 09:45:06] Nhận diện: unknown_38
[2025-07-25 09:45:06] Nhận diện: unknown_27
[2025-07-25 09:45:07] Nhận diện: taivt
[2025-07-25 09:45:07] Nhận diện: vinth
[2025-07-25 09:45:07] Nhận diện: taivt
[2025-07-25 09:45:07] Nhận diện: unknown_34
[2025-07-25 09:45:08] Nhận diện: unknown_38
[2025-07-25 09:45:08] Nhận diện: Unknown
[2025-07-25 09:45:08] Nhận diện: unknown_41
[2025-07-25 09:45:09] Nhận diện: unknown_38
[2025-07-25 09:45:09] Nhận diện: taivt
[2025-07-25 09:45:09] Nhận diện: unknown_41
[2025-07-25 09:45:09] Nhận diện: taivt
[2025-07-25 09:45:09] Nhận diện: unknown_38
[2025-07-25 09:45:09] Nhận diện: unknown_41
[2025-07-25 09:45:10] Nhận diện: unknown_38
[2025-07-25 09:45:10] Nhận diện: taivt
[2025-07-25 09:45:10] Nhận diện: unknown_41
[2025-07-25 09:45:10] Nhận diện: unknown_38
[2025-07-25 09:45:10] Nhận diện: unknown_41
[2025-07-25 09:45:10] Nhận diện: taivt
[2025-07-25 09:45:11] Nhận diện: unknown_38
[2025-07-25 09:45:11] Nhận diện: unknown_41
[2025-07-25 09:45:11] Nhận diện: taivt
[2025-07-25 09:45:12] Nhận diện: unknown_38
[2025-07-25 09:45:12] Nhận diện: unknown_41
[2025-07-25 09:45:12] Nhận diện: taivt
[2025-07-25 09:45:12] Nhận diện: unknown_38
[2025-07-25 09:45:12] Nhận diện: unknown_41
[2025-07-25 09:45:12] Nhận diện: taivt
[2025-07-25 09:45:13] Nhận diện: unknown_38
[2025-07-25 09:45:13] Nhận diện: unknown_41
[2025-07-25 09:45:13] Nhận diện: taivt
[2025-07-25 09:45:13] Nhận diện: unknown_38
[2025-07-25 09:45:13] Nhận diện: unknown_41
[2025-07-25 09:45:13] Nhận diện: taivt
[2025-07-25 09:45:14] Nhận diện: unknown_38
[2025-07-25 09:45:14] Nhận diện: unknown_41
[2025-07-25 09:45:14] Nhận diện: taivt
[2025-07-25 09:45:15] Nhận diện: unknown_38
[2025-07-25 09:45:15] Nhận diện: unknown_41
[2025-07-25 09:45:15] Nhận diện: taivt
[2025-07-25 09:45:15] Nhận diện: vinth
[2025-07-25 09:45:16] Nhận diện: taivt
[2025-07-25 09:45:16] Nhận diện: taivt
[2025-07-25 09:45:16] Nhận diện: taivt
[2025-07-25 09:45:17] Nhận diện: taivt
[2025-07-25 09:45:17] Nhận diện: taivt
[2025-07-25 09:45:18] Nhận diện: taivt
[2025-07-25 09:45:18] Nhận diện: Unknown
[2025-07-25 09:45:18] Nhận diện: taivt
[2025-07-25 09:45:18] Nhận diện: Unknown
[2025-07-25 09:45:19] Nhận diện: taivt
[2025-07-25 09:45:19] Nhận diện: taivt
[2025-07-25 09:45:20] Nhận diện: taivt
[2025-07-25 09:45:20] Nhận diện: taivt
[2025-07-25 09:45:20] Nhận diện: Unknown
[2025-07-25 09:45:21] Nhận diện: taivt
[2025-07-25 09:45:21] Nhận diện: taivt
[2025-07-25 09:45:21] Nhận diện: taivt
[2025-07-25 09:45:22] Nhận diện: taivt
[2025-07-25 09:45:22] Nhận diện: taivt
[2025-07-25 09:45:23] Nhận diện: taivt
[2025-07-25 09:45:23] Nhận diện: taivt
[2025-07-25 09:45:24] Nhận diện: taivt
[2025-07-25 09:45:24] Nhận diện: vinth
[2025-07-25 09:45:25] Nhận diện: taivt
[2025-07-25 09:45:25] Nhận diện: taivt
[2025-07-25 09:45:25] Nhận diện: taivt
[2025-07-25 09:45:26] Nhận diện: taivt
[2025-07-25 09:45:26] Nhận diện: taivt
[2025-07-25 09:45:27] Nhận diện: taivt
[2025-07-25 09:45:27] Nhận diện: taivt
[2025-07-25 09:45:28] Nhận diện: taivt
[2025-07-25 09:45:28] Nhận diện: taivt
[2025-07-25 09:45:28] Nhận diện: taivt
[2025-07-25 09:45:29] Nhận diện: taivt
[2025-07-25 09:45:29] Nhận diện: taivt
[2025-07-25 09:45:29] Nhận diện: vinth
[2025-07-25 09:45:30] Nhận diện: taivt
[2025-07-25 09:45:30] Nhận diện: unknown_26
[2025-07-25 09:45:30] Nhận diện: vinth
[2025-07-25 09:45:30] Nhận diện: taivt
[2025-07-25 09:45:31] Nhận diện: vinth
[2025-07-25 09:45:31] Nhận diện: taivt
[2025-07-25 09:45:31] Nhận diện: taivt
[2025-07-25 09:45:31] Nhận diện: vinth
[2025-07-25 09:45:32] Nhận diện: taivt
[2025-07-25 09:45:32] Nhận diện: taivt
[2025-07-25 09:45:33] Nhận diện: taivt
[2025-07-25 09:45:33] Nhận diện: vinth
[2025-07-25 09:45:33] Nhận diện: taivt
[2025-07-25 09:45:33] Nhận diện: vinth
[2025-07-25 09:45:34] Nhận diện: taivt
[2025-07-25 09:45:34] Nhận diện: vinth
[2025-07-25 09:45:34] Nhận diện: taivt
[2025-07-25 09:45:34] Nhận diện: vinth
[2025-07-25 09:45:35] Nhận diện: vinth
[2025-07-25 09:45:35] Nhận diện: taivt
[2025-07-25 09:45:35] Nhận diện: taivt
[2025-07-25 09:45:36] Nhận diện: vinth
[2025-07-25 09:45:36] Nhận diện: taivt
[2025-07-25 09:45:36] Nhận diện: taivt
[2025-07-25 09:45:36] Nhận diện: vinth
[2025-07-25 09:45:37] Nhận diện: vinth
[2025-07-25 09:45:37] Nhận diện: taivt
[2025-07-25 09:45:38] Nhận diện: vinth
[2025-07-25 09:45:38] Nhận diện: taivt
[2025-07-25 09:45:38] Nhận diện: vinth
[2025-07-25 09:45:38] Nhận diện: taivt
[2025-07-25 09:45:38] Nhận diện: taivt
[2025-07-25 09:45:39] Nhận diện: vinth
[2025-07-25 09:45:39] Nhận diện: taivt
[2025-07-25 09:45:40] Nhận diện: vinth
[2025-07-25 09:45:40] Nhận diện: taivt
[2025-07-25 09:45:40] Nhận diện: taivt
[2025-07-25 09:45:40] Nhận diện: vinth
[2025-07-25 09:45:41] Nhận diện: taivt
[2025-07-25 09:45:41] Nhận diện: vinth
[2025-07-25 09:45:41] Nhận diện: taivt
[2025-07-25 09:45:42] Nhận diện: taivt
[2025-07-25 09:45:42] Nhận diện: Unknown
[2025-07-25 09:45:42] Nhận diện: taivt
[2025-07-25 09:45:42] Nhận diện: Unknown
[2025-07-25 09:45:42] Nhận diện: taivt
[2025-07-25 09:45:43] Nhận diện: taivt
[2025-07-25 09:45:43] Nhận diện: taivt
[2025-07-25 09:45:44] Nhận diện: taivt
[2025-07-25 09:45:44] Nhận diện: taivt
[2025-07-25 09:45:45] Nhận diện: vinth
[2025-07-25 09:45:45] Nhận diện: taivt
[2025-07-25 09:45:46] Nhận diện: vinth
[2025-07-25 09:45:46] Nhận diện: taivt
[2025-07-25 09:45:46] Nhận diện: taivt
[2025-07-25 09:45:46] Nhận diện: vinth
[2025-07-25 09:45:47] Nhận diện: vinth
[2025-07-25 09:45:47] Nhận diện: taivt
[2025-07-25 09:45:47] Nhận diện: vinth
[2025-07-25 09:45:47] Nhận diện: taivt
[2025-07-25 09:45:48] Nhận diện: vinth
[2025-07-25 09:45:48] Nhận diện: taivt
[2025-07-25 09:45:48] Nhận diện: vinth
[2025-07-25 09:45:48] Nhận diện: taivt
[2025-07-25 09:45:49] Nhận diện: taivt
[2025-07-25 09:45:49] Nhận diện: taivt
[2025-07-25 09:45:50] Nhận diện: taivt
[2025-07-25 09:45:50] Nhận diện: taivt
[2025-07-25 09:45:50] Nhận diện: taivt
[2025-07-25 09:45:51] Nhận diện: taivt
[2025-07-25 09:45:51] Nhận diện: taivt
[2025-07-25 09:45:52] Nhận diện: taivt
[2025-07-25 09:45:52] Nhận diện: taivt
[2025-07-25 09:45:53] Nhận diện: taivt
[2025-07-25 09:45:53] Nhận diện: taivt
[2025-07-25 09:45:54] Nhận diện: taivt
[2025-07-25 09:45:54] Nhận diện: Unknown
[2025-07-25 09:45:55] Nhận diện: taivt
[2025-07-25 09:45:55] Nhận diện: taivt
[2025-07-25 09:45:56] Nhận diện: taivt
[2025-07-25 09:45:56] Nhận diện: taivt
[2025-07-25 09:45:56] Nhận diện: taivt
[2025-07-25 09:45:57] Nhận diện: taivt
[2025-07-25 09:45:57] Nhận diện: taivt
[2025-07-25 09:45:58] Nhận diện: taivt
[2025-07-25 09:45:58] Nhận diện: taivt
[2025-07-25 09:45:59] Nhận diện: taivt
[2025-07-25 09:45:59] Nhận diện: taivt
[2025-07-25 09:45:59] Nhận diện: taivt
[2025-07-25 09:46:00] Nhận diện: taivt
[2025-07-25 09:46:00] Nhận diện: taivt
[2025-07-25 09:46:01] Nhận diện: taivt
[2025-07-25 09:46:01] Nhận diện: vinth
[2025-07-25 09:46:02] Nhận diện: taivt
[2025-07-25 09:46:02] Nhận diện: taivt
[2025-07-25 09:46:03] Nhận diện: taivt
[2025-07-25 09:46:03] Nhận diện: taivt
[2025-07-25 09:46:03] Nhận diện: taivt
[2025-07-25 09:46:04] Nhận diện: taivt
[2025-07-25 09:46:04] Nhận diện: taivt
[2025-07-25 09:46:05] Nhận diện: taivt
[2025-07-25 09:46:05] Nhận diện: taivt
[2025-07-25 09:46:06] Nhận diện: taivt
[2025-07-25 09:46:06] Nhận diện: taivt
[2025-07-25 09:46:07] Nhận diện: taivt
[2025-07-25 09:46:09] Nhận diện: vinth
[2025-07-25 09:46:11] Nhận diện: taivt
[2025-07-25 09:46:11] Nhận diện: vinth
[2025-07-25 09:46:12] Nhận diện: taivt
[2025-07-25 09:46:12] Nhận diện: taivt
[2025-07-25 09:46:13] Nhận diện: taivt
[2025-07-25 09:46:13] Nhận diện: Unknown
[2025-07-25 09:46:13] Nhận diện: Unknown
[2025-07-25 09:46:13] Nhận diện: taivt
[2025-07-25 09:46:13] Nhận diện: vinth
[2025-07-25 09:46:14] Nhận diện: taivt
[2025-07-25 09:46:14] Nhận diện: vinth
[2025-07-25 09:46:14] Nhận diện: vinth
[2025-07-25 09:46:17] Nhận diện: vinth
[2025-07-25 09:46:17] Nhận diện: vinth
[2025-07-25 09:46:19] Nhận diện: vinth
[2025-07-25 09:46:19] Nhận diện: vinth
[2025-07-25 09:46:20] Nhận diện: vinth
[2025-07-25 09:46:20] Nhận diện: vinth
[2025-07-25 09:46:21] Nhận diện: vinth
[2025-07-25 09:46:21] Nhận diện: vinth
[2025-07-25 09:46:22] Nhận diện: vinth
[2025-07-25 09:46:23] Nhận diện: vinth
[2025-07-25 09:46:23] Nhận diện: vinth
[2025-07-25 09:46:24] Nhận diện: vinth
[2025-07-25 09:46:24] Nhận diện: vinth
[2025-07-25 09:46:24] Nhận diện: vinth
[2025-07-25 09:46:25] Nhận diện: vinth
[2025-07-25 09:46:25] Nhận diện: vinth
[2025-07-25 09:46:26] Nhận diện: vinth
[2025-07-25 09:46:26] Nhận diện: vinth
[2025-07-25 09:46:27] Nhận diện: vinth
[2025-07-25 09:46:27] Nhận diện: Unknown
[2025-07-25 09:46:36] Nhận diện: vinth
[2025-07-25 09:46:36] Nhận diện: vinth
[2025-07-25 09:46:37] Nhận diện: vinth
[2025-07-25 09:46:37] Nhận diện: vinth
[2025-07-25 09:46:38] Nhận diện: vinth
[2025-07-25 09:46:38] Nhận diện: vinth
[2025-07-25 09:46:39] Nhận diện: vinth
[2025-07-25 09:46:39] Nhận diện: Unknown
[2025-07-25 09:46:39] Nhận diện: unknown_26
[2025-07-25 09:46:44] Nhận diện: vinth
[2025-07-25 09:46:44] Nhận diện: Unknown
[2025-07-25 09:46:47] Nhận diện: Unknown
[2025-07-25 09:46:48] Nhận diện: Unknown
[2025-07-25 09:46:48] Nhận diện: unknown_45
[2025-07-25 09:46:49] Nhận diện: vinth
[2025-07-25 09:46:49] Nhận diện: vinth
[2025-07-25 09:46:50] Nhận diện: vinth
[2025-07-25 09:46:53] Nhận diện: unknown_26
[2025-07-25 09:46:55] Nhận diện: vinth
[2025-07-25 09:46:55] Nhận diện: vinth
[2025-07-25 09:46:56] Nhận diện: vinth
[2025-07-25 09:46:56] Nhận diện: vinth
[2025-07-25 09:46:57] Nhận diện: vinth
[2025-07-25 09:46:57] Nhận diện: vinth
[2025-07-25 09:46:58] Nhận diện: vinth
[2025-07-25 09:46:58] Nhận diện: vinth
[2025-07-25 09:46:59] Nhận diện: unknown_21
[2025-07-25 09:46:59] Nhận diện: vinth
[2025-07-25 09:47:00] Nhận diện: vinth
[2025-07-25 09:47:00] Nhận diện: vinth
[2025-07-25 09:47:00] Nhận diện: vinth
[2025-07-25 09:47:01] Nhận diện: vinth
[2025-07-25 09:47:01] Nhận diện: vinth
[2025-07-25 09:47:02] Nhận diện: vinth
[2025-07-25 09:47:02] Nhận diện: vinth
[2025-07-25 09:47:03] Nhận diện: vinth
[2025-07-25 09:47:03] Nhận diện: vinth
[2025-07-25 09:47:04] Nhận diện: vinth
[2025-07-25 09:47:04] Nhận diện: vinth
[2025-07-25 09:47:05] Nhận diện: vinth
[2025-07-25 09:47:06] Nhận diện: vinth
[2025-07-25 09:47:06] Nhận diện: vinth
[2025-07-25 09:47:07] Nhận diện: vinth
[2025-07-25 09:47:07] Nhận diện: unknown_26
[2025-07-25 09:47:08] Nhận diện: unknown_26
[2025-07-25 09:47:08] Nhận diện: unknown_26
[2025-07-25 09:47:09] Nhận diện: unknown_26
[2025-07-25 09:47:09] Nhận diện: vinth
[2025-07-25 09:47:10] Nhận diện: vinth
[2025-07-25 09:47:11] Nhận diện: vinth
[2025-07-25 09:47:11] Nhận diện: vinth
[2025-07-25 09:47:12] Nhận diện: vinth
[2025-07-25 09:47:12] Nhận diện: vinth
[2025-07-25 09:47:13] Nhận diện: vinth
[2025-07-25 09:47:13] Nhận diện: vinth
[2025-07-25 09:47:14] Nhận diện: vinth
[2025-07-25 09:47:16] Nhận diện: unknown_26
[2025-07-25 09:47:16] Nhận diện: unknown_26
[2025-07-25 09:47:17] Nhận diện: vinth
[2025-07-25 09:47:18] Nhận diện: vinth
[2025-07-25 09:47:19] Nhận diện: vinth
[2025-07-25 09:47:19] Nhận diện: vinth
[2025-07-25 09:47:20] Nhận diện: vinth
[2025-07-25 09:47:21] Nhận diện: vinth
[2025-07-25 09:47:21] Nhận diện: vinth
[2025-07-25 09:47:22] Nhận diện: unknown_26
[2025-07-25 09:47:25] Nhận diện: unknown_26
[2025-07-25 09:47:25] Nhận diện: unknown_26
[2025-07-25 09:47:25] Nhận diện: vinth
[2025-07-25 09:47:26] Nhận diện: unknown_26
[2025-07-25 09:47:26] Nhận diện: vinth
[2025-07-25 09:47:27] Nhận diện: vinth
[2025-07-25 09:47:28] Nhận diện: unknown_26
[2025-07-25 09:47:28] Nhận diện: vinth
[2025-07-25 09:47:29] Nhận diện: vinth
[2025-07-25 09:47:33] Nhận diện: vinth
[2025-07-25 09:47:33] Nhận diện: unknown_45
[2025-07-25 09:47:35] Nhận diện: vinth
[2025-07-25 09:47:35] Nhận diện: vinth
[2025-07-25 09:47:36] Nhận diện: vinth
[2025-07-25 09:47:36] Nhận diện: vinth
[2025-07-25 09:47:36] Nhận diện: vinth
[2025-07-25 09:47:37] Nhận diện: vinth
[2025-07-25 09:47:37] Nhận diện: vinth
[2025-07-25 09:47:39] Nhận diện: vinth
[2025-07-25 09:47:44] Nhận diện: vinth
[2025-07-25 09:47:45] Nhận diện: vinth
[2025-07-25 09:47:45] Nhận diện: vinth
[2025-07-25 09:47:51] Nhận diện: unknown_42
[2025-07-26 12:38:58] Nhận diện: Unknown
[2025-07-26 12:38:58] Nhận diện: unknown_46
[2025-07-26 12:38:58] Nhận diện: unknown_46
[2025-07-26 12:38:59] Nhận diện: unknown_46
[2025-07-26 12:38:59] Nhận diện: unknown_46
